
['0xf109f361L', '0x370cL', '0x4d9cL', '0xb1', '0xab', '0x7c', '0xa2', '0xd4', '0xc8', '0xb3', '0xff']
['0xf109f361L', '0x370cL', '0x4d9cL', '0xb1', '0xab', '0x7c', '0xa2', '0xd4', '0xc8', '0xb3', '0xff']
['0xbc55d680L', '0xdf97L', '0x4698L', '0x8f', '0x88', '0x97', '0x96', '0x6', '0xd8', '0xf1', '0x9']
['0xcd3d0a05L', '0x9e24L', '0x437cL', '0xa8', '0x91', '0x1e', '0xe0', '0x53', '0xdb', '0x76', '0x38']
['0xab5a4df4L', '0xf0d7L', '0x49a8L', '0xbf', '0x5c', '0xf2', '0x5d', '0xa0', '0x4c', '0x25', '0x33']
['0x70eeecbeL', '0x727aL', '0x4244L', '0x90', '0x4c', '0xdb', '0x6b', '0xf0', '0x5', '0x53', '0x92']
['0xaade7c97L', '0x98e7L', '0x4cfaL', '0xb4', '0xef', '0xbb', '0xe2', '0x5', '0x6', '0xa3', '0x1d']
['0x3dc21d75L', '0xde0eL', '0x4300L', '0xa0', '0xaa', '0x19', '0xc4', '0x1c', '0xc', '0xf3', '0xdf']
['0xde8bacfL', '0xe00aL', '0x4538L', '0xbe', '0xd', '0x81', '0xaf', '0x93', '0x74', '0xfc', '0xc9']
['0x45de9920L', '0xcd54L', '0x446aL', '0xa0', '0x3c', '0x22', '0xe6', '0xfb', '0xb4', '0x51', '0xe4']
['0x6725e645L', '0x4a7fL', '0x9969L', '0x82', '0xec', '0xd1', '0x87', '0x21', '0xde', '0x5a', '0x57']
['0xa0b5dc52L', '0x4f34L', '0x3990L', '0xd4', '0x91', '0x10', '0x8b', '0xe8', '0xba', '0x75', '0x42']
['0x3c7bc880L', '0x41f8L', '0x4869L', '0xae', '0xfc', '0x87', '0xa', '0x3e', '0xd2', '0x82', '0x99']
['0xc817335L', '0x77c3L', '0x4743L', '0x99', '0xa1', '0x94', '0x26', '0xcf', '0x17', '0xa4', '0x95']
['0x8d9b3387L', '0x73dbL', '0x456fL', '0x88', '0x9d', '0x6f', '0xfe', '0x90', '0x82', '0x64', '0x9']
['0x3c7bc880L', '0x41f8L', '0x4869L', '0xae', '0xfc', '0x87', '0xa', '0x3e', '0xd2', '0x82', '0x99']
['0x6725e645L', '0x4a7fL', '0x9969L', '0x82', '0xec', '0xd1', '0x87', '0x21', '0xde', '0x5a', '0x57']
['0xa0b5dc52L', '0x4f34L', '0x3990L', '0xd4', '0x91', '0x10', '0x8b', '0xe8', '0xba', '0x75', '0x42']
['0x919383deL', '0xebacL', '0x4924L', '0x1', '0x94', '0x52', '0x59', '0xe0', '0xd', '0x65', '0x7a']
['0x3c7bc880L', '0x41f8L', '0x4869L', '0xae', '0xfc', '0x87', '0xa', '0x3e', '0xd2', '0x82', '0x99']
['0x6725e645L', '0x4a7fL', '0x9969L', '0x82', '0xec', '0xd1', '0x87', '0x21', '0xde', '0x5a', '0x57']
['0x919383deL', '0xebacL', '0x4924L', '0x1', '0x94', '0x52', '0x59', '0xe0', '0xd', '0x65', '0x7a']
['0x45de9920L', '0xcd54L', '0x446aL', '0xa0', '0x3c', '0x22', '0xe6', '0xfb', '0xb4', '0x51', '0xe4']
['0xd25dc167L', '0xeb6aL', '0x432dL', '0x65', '0x91', '0xbf', '0x80', '0x29', '0xb0', '0x5', '0xbb']
['0x3c7bc880L', '0x41f8L', '0x4869L', '0xae', '0xfc', '0x87', '0xa', '0x3e', '0xd2', '0x82', '0x99']
['0x6725e645L', '0x4a7fL', '0x9969L', '0x82', '0xec', '0xd1', '0x87', '0x21', '0xde', '0x5a', '0x57']
['0x45de9920L', '0xcd54L', '0x446aL', '0xa0', '0x3c', '0x22', '0xe6', '0xfb', '0xb4', '0x51', '0xe4']
['0xc6aa1f27L', '0x5597L', '0x4802L', '0x9f', '0x63', '0xd6', '0x28', '0x36', '0x59', '0x86', '0x35']
['0xfef58c89L', '0xf74bL', '0x4aa8L', '0xa9', '0xa5', '0x3', '0xb5', '0xab', '0x82', '0x23', '0x2d']
['0xc817335L', '0x77c3L', '0x4743L', '0x99', '0xa1', '0x94', '0x26', '0xcf', '0x17', '0xa4', '0x95']
['0x3161ddabL', '0x9600L', '0x4301L', '0xaa', '0xb2', '0x93', '0x0', '0x63', '0x95', '0x82', '0x4a']
['0xb7646a4L', '0x6b44L', '0x4332L', '0x85', '0x88', '0xc8', '0x99', '0x81', '0x17', '0xf2', '0xef']
['0x44029fa7L', '0xab98L', '0x4506L', '0x96', '0x6c', '0x32', '0xd2', '0xde', '0xeb', '0x2a', '0xa']
['0x3161ddabL', '0x9600L', '0x4301L', '0xaa', '0xb2', '0x93', '0x0', '0x63', '0x95', '0x82', '0x4a']
['0xaf4cf576L', '0x30a9L', '0x4412L', '0x9b', '0x66', '0xae', '0x7e', '0x8d', '0xb1', '0xa7', '0x5a']
['0xe6f014abL', '0xcb0eL', '0x456eL', '0x8a', '0xf7', '0x72', '0x21', '0xed', '0xb7', '0x2', '0xf7']
['0x73e47354L', '0xb0c5L', '0x4e00L', '0xa7', '0x14', '0x9d', '0xd', '0x5a', '0x4f', '0xdb', '0xfd']
['0xc817335L', '0x77c3L', '0x4743L', '0x99', '0xa1', '0x94', '0x26', '0xcf', '0x17', '0xa4', '0x95']
['0xb7646a4L', '0x6b44L', '0x4332L', '0x85', '0x88', '0xc8', '0x99', '0x81', '0x17', '0xf2', '0xef']
['0x44029fa7L', '0xab98L', '0x4506L', '0x96', '0x6c', '0x32', '0xd2', '0xde', '0xeb', '0x2a', '0xa']
['0x4212a9d4L', '0x4a92L', '0x4bfbL', '0xb4', '0x7f', '0x27', '0x34', '0x35', '0x5f', '0x54', '0xac']
['0x8d9b3387L', '0x73dbL', '0x456fL', '0x88', '0x9d', '0x6f', '0xfe', '0x90', '0x82', '0x64', '0x9']
['0xd25dc167L', '0xeb6aL', '0x432dL', '0x65', '0x91', '0xbf', '0x80', '0x29', '0xb0', '0x5', '0xbb']
['0x3c7bc880L', '0x41f8L', '0x4869L', '0xae', '0xfc', '0x87', '0xa', '0x3e', '0xd2', '0x82', '0x99']
['0x6725e645L', '0x4a7fL', '0x9969L', '0x82', '0xec', '0xd1', '0x87', '0x21', '0xde', '0x5a', '0x57']
['0x17565311L', '0x4b71L', '0x4340L', '0x88', '0xaa', '0xdc', '0x9f', '0x44', '0x22', '0xe5', '0x3a']
['0xab5a4df4L', '0xf0d7L', '0x49a8L', '0xbf', '0x5c', '0xf2', '0x5d', '0xa0', '0x4c', '0x25', '0x33']
['0x98840739L', '0xd6dfL', '0x4564L', '0x8b', '0x9f', '0xcd', '0xde', '0xa3', '0xdc', '0x32', '0xe9']
['0x589f4b42L', '0xa905L', '0x11e0L', '0x82', '0x64', '0x8', '0x0', '0x20', '0xc', '0x9a', '0x66']
['0xfa9fb52cL', '0xf8ebL', '0x410bL', '0xa1', '0xb8', '0xd4', '0xd0', '0x6d', '0x36', '0xc5', '0xbf']
['0xaf4cf576L', '0x30a9L', '0x4412L', '0x9b', '0x66', '0xae', '0x7e', '0x8d', '0xb1', '0xa7', '0x5a']
['0xfa20568bL', '0x548bL', '0x4b2bL', '0x81', '0xef', '0x1b', '0xa0', '0x8d', '0x4a', '0x3c', '0xec']
['0x919383deL', '0xebacL', '0x4924L', '0x1', '0x94', '0x52', '0x59', '0xe0', '0xd', '0x65', '0x7a']
['0xab5a4df4L', '0xf0d7L', '0x49a8L', '0xbf', '0x5c', '0xf2', '0x5d', '0xa0', '0x4c', '0x25', '0x33']