
========== START: modules\AbsoluteComputraceInstaller ======
---------- LocateProtocol function calls: ------------------
[*] 0x100d99dL: EFI_BOOT_SERVICES->LocateProtocol is called in the function sub_100D6D0
--------- GUIDs from LocateProtocol function calls: --------
[*] 0x1001078L: ['0xffe06bddL', '0x6107L', '0x46a6L', '0x7b', '0xb2', '0x5a', '0x9c', '0x7e', '0xc5', '0x27', '0x5c']
---------- Trusted GUIDs: ----------------------------------
[*] 0x1001078L: ['0xffe06bddL', '0x6107L', '0x46a6L', '0x7b', '0xb2', '0x5a', '0x9c', '0x7e', '0xc5', '0x27', '0x5c'] is EFI_ACPI_TABLE_PROTOCOL_GUID from TianoCoreGUIDs list
---------- Proprietary GUIDs: ------------------------------
[*] Proprietary GUIDs list is empty
========== END: ============================================

========== START: modules\AcpiDebugDxe =====================
---------- LocateProtocol function calls: ------------------
[*] 0x3c1L: EFI_BOOT_SERVICES->LocateProtocol is called in the function sub_300
[*] 0x52bL: EFI_BOOT_SERVICES->LocateProtocol is called in the function sub_504
--------- GUIDs from LocateProtocol function calls: --------
[*] 0x710L: ['0x11b34006L', '0xd85bL', '0x4d0aL', '0xa2', '0x90', '0xd5', '0xa5', '0x71', '0x31', '0xe', '0xf7']
[*] 0x700L: ['0xffe06bddL', '0x6107L', '0x46a6L', '0x7b', '0xb2', '0x5a', '0x9c', '0x7e', '0xc5', '0x27', '0x5c']
---------- Trusted GUIDs: ----------------------------------
[*] 0x710L: ['0x11b34006L', '0xd85bL', '0x4d0aL', '0xa2', '0x90', '0xd5', '0xa5', '0x71', '0x31', '0xe', '0xf7'] is PCD_PROTOCOL_GUID from TianoCoreGUIDs list
[*] 0x700L: ['0xffe06bddL', '0x6107L', '0x46a6L', '0x7b', '0xb2', '0x5a', '0x9c', '0x7e', '0xc5', '0x27', '0x5c'] is EFI_ACPI_TABLE_PROTOCOL_GUID from TianoCoreGUIDs list
---------- Proprietary GUIDs: ------------------------------
[*] Proprietary GUIDs list is empty
========== END: ============================================

========== START: modules\AcpiGlobalVariable ===============
---------- LocateProtocol function calls: ------------------
[*] LocateProtocol function calls list is empty
========== END: ============================================

========== START: modules\AcpiPlatform =====================
---------- LocateProtocol function calls: ------------------
[*] 0x6b7L: EFI_BOOT_SERVICES->LocateProtocol is called in the function sub_56C
[*] 0x6d1L: EFI_BOOT_SERVICES->LocateProtocol is called in the function sub_56C
[*] 0x1fc8L: EFI_BOOT_SERVICES->LocateProtocol is called in the function sub_1EB0
[*] 0x2141L: EFI_BOOT_SERVICES->LocateProtocol is called in the function sub_1EB0
[*] 0x37d8L: EFI_BOOT_SERVICES->LocateProtocol is called in the function sub_1EB0
[*] 0x6c13L: EFI_BOOT_SERVICES->LocateProtocol is called in the function sub_6BEC
[*] 0x6c4fL: EFI_BOOT_SERVICES->LocateProtocol is called in the function sub_6C28
[*] 0x730fL: EFI_BOOT_SERVICES->LocateProtocol is called in the function sub_72F4
[*] 0x7459L: EFI_BOOT_SERVICES->LocateProtocol is called in the function sub_7440
[*] 0x76a1L: EFI_BOOT_SERVICES->LocateProtocol is called in the function sub_75A8
[*] 0x7883L: EFI_BOOT_SERVICES->LocateProtocol is called in the function sub_783C
[*] 0x7956L: EFI_BOOT_SERVICES->LocateProtocol is called in the function sub_7924
[*] 0x7a1eL: EFI_BOOT_SERVICES->LocateProtocol is called in the function sub_79F8
--------- GUIDs from LocateProtocol function calls: --------
[*] 0x7d10L: ['0x13a3f0f6L', '0x264aL', '0x3ef0L', '0xf2', '0xe0', '0xde', '0xc5', '0x12', '0x34', '0x2f', '0x34']
[*] 0x7dc0L: ['0x2f707ebbL', '0x4a1aL', '0x11d4L', '0x9a', '0x38', '0x0', '0x90', '0x27', '0x3f', '0xc1', '0x4d']
[*] 0x7e10L: ['0x11b34006L', '0xd85bL', '0x4d0aL', '0xa2', '0x90', '0xd5', '0xa5', '0x71', '0x31', '0xe', '0xf7']
[*] 0x7c50L: ['0xeb97088eL', '0xcfdfL', '0x49c6L', '0xbe', '0x4b', '0xd9', '0x6', '0xa5', '0xb2', '0xe', '0x86']
[*] 0x7d60L: ['0x3fdda605L', '0xa76eL', '0x4f46L', '0xad', '0x29', '0x12', '0xf4', '0x53', '0x1b', '0x3d', '0x8']
[*] 0x7c90L: ['0xc68ed8e2L', '0x9dc6L', '0x4cbdL', '0x9d', '0x94', '0xdb', '0x65', '0xac', '0xc5', '0xc3', '0x32']
[*] 0x7cb0L: ['0xad61f191L', '0xae5fL', '0x4c0eL', '0xb9', '0xfa', '0xe8', '0x69', '0xd2', '0x88', '0xc6', '0x4f']
[*] 0x7c70L: ['0xf4ccbfb7L', '0xf6e0L', '0x47fdL', '0x9d', '0xd4', '0x10', '0xa8', '0xf1', '0x50', '0xc1', '0x91']
[*] 0x7c30L: ['0x60ff8964L', '0xe906L', '0x41d0L', '0xaf', '0xed', '0xf2', '0x41', '0xe9', '0x74', '0xe0', '0x8e']
[*] 0x7df0L: ['0xffe06bddL', '0x6107L', '0x46a6L', '0x7b', '0xb2', '0x5a', '0x9c', '0x7e', '0xc5', '0x27', '0x5c']
---------- Trusted GUIDs: ----------------------------------
[*] 0x7d10L: ['0x13a3f0f6L', '0x264aL', '0x3ef0L', '0xf2', '0xe0', '0xde', '0xc5', '0x12', '0x34', '0x2f', '0x34'] is EFI_PCD_PROTOCOL_GUID from TianoCoreGUIDs list
[*] 0x7dc0L: ['0x2f707ebbL', '0x4a1aL', '0x11d4L', '0x9a', '0x38', '0x0', '0x90', '0x27', '0x3f', '0xc1', '0x4d'] is EFI_PCI_ROOT_BRIDGE_IO_PROTOCOL_GUID from TianoCoreGUIDs list
[*] 0x7e10L: ['0x11b34006L', '0xd85bL', '0x4d0aL', '0xa2', '0x90', '0xd5', '0xa5', '0x71', '0x31', '0xe', '0xf7'] is PCD_PROTOCOL_GUID from TianoCoreGUIDs list
[*] 0x7c50L: ['0xeb97088eL', '0xcfdfL', '0x49c6L', '0xbe', '0x4b', '0xd9', '0x6', '0xa5', '0xb2', '0xe', '0x86'] is EFI_ACPI_SDT_PROTOCOL_GUID from TianoCoreGUIDs list
[*] 0x7d60L: ['0x3fdda605L', '0xa76eL', '0x4f46L', '0xad', '0x29', '0x12', '0xf4', '0x53', '0x1b', '0x3d', '0x8'] is EFI_MP_SERVICES_PROTOCOL_GUID from TianoCoreGUIDs list
[*] 0x7c90L: ['0xc68ed8e2L', '0x9dc6L', '0x4cbdL', '0x9d', '0x94', '0xdb', '0x65', '0xac', '0xc5', '0xc3', '0x32'] is EFI_SMM_COMMUNICATION_PROTOCOL_GUID from TianoCoreGUIDs list
[*] 0x7cb0L: ['0xad61f191L', '0xae5fL', '0x4c0eL', '0xb9', '0xfa', '0xe8', '0x69', '0xd2', '0x88', '0xc6', '0x4f'] is EFI_CPU_IO2_PROTOCOL_GUID from TianoCoreGUIDs list
[*] 0x7c70L: ['0xf4ccbfb7L', '0xf6e0L', '0x47fdL', '0x9d', '0xd4', '0x10', '0xa8', '0xf1', '0x50', '0xc1', '0x91'] is EFI_SMM_BASE2_PROTOCOL_GUID from TianoCoreGUIDs list
[*] 0x7c30L: ['0x60ff8964L', '0xe906L', '0x41d0L', '0xaf', '0xed', '0xf2', '0x41', '0xe9', '0x74', '0xe0', '0x8e'] is EFI_DXE_SMM_READY_TO_LOCK_PROTOCOL_GUID from TianoCoreGUIDs list
[*] 0x7df0L: ['0xffe06bddL', '0x6107L', '0x46a6L', '0x7b', '0xb2', '0x5a', '0x9c', '0x7e', '0xc5', '0x27', '0x5c'] is EFI_ACPI_TABLE_PROTOCOL_GUID from TianoCoreGUIDs list
---------- Proprietary GUIDs: ------------------------------
[*] Proprietary GUIDs list is empty
========== END: ============================================

========== START: modules\AcpiPlatformFeatures =============
---------- LocateProtocol function calls: ------------------
[*] 0x378L: EFI_BOOT_SERVICES->LocateProtocol is called in the function sub_344
[*] 0x723L: EFI_BOOT_SERVICES->LocateProtocol is called in the function sub_69C
[*] 0xa48L: EFI_BOOT_SERVICES->LocateProtocol is called in the function sub_A14
--------- GUIDs from LocateProtocol function calls: --------
[*] 0x10b0L: ['0x74e1e48L', '0x8132L', '0x47a1L', '0x8c', '0x2c', '0x3f', '0x14', '0xad', '0x9a', '0x66', '0xdc']
[*] 0x10e0L: ['0xd9035175L', '0x8ce2L', '0x47deL', '0xa8', '0xb8', '0xcc', '0x98', '0xe5', '0xe2', '0xa8', '0x85']
[*] 0x1120L: ['0xffe06bddL', '0x6107L', '0x46a6L', '0x7b', '0xb2', '0x5a', '0x9c', '0x7e', '0xc5', '0x27', '0x5c']
---------- Trusted GUIDs: ----------------------------------
[*] 0x1120L: ['0xffe06bddL', '0x6107L', '0x46a6L', '0x7b', '0xb2', '0x5a', '0x9c', '0x7e', '0xc5', '0x27', '0x5c'] is EFI_ACPI_TABLE_PROTOCOL_GUID from TianoCoreGUIDs list
[*] 0x10b0L: ['0x74e1e48L', '0x8132L', '0x47a1L', '0x8c', '0x2c', '0x3f', '0x14', '0xad', '0x9a', '0x66', '0xdc'] is EFI_GLOBAL_NVS_AREA_PROTOCOL_GUID from AmiGUIDs list
[*] 0x10e0L: ['0xd9035175L', '0x8ce2L', '0x47deL', '0xa8', '0xb8', '0xcc', '0x98', '0xe5', '0xe2', '0xa8', '0x85'] is EFI_PLATFORM_INFO_PROTOCOL_GUID from AmiGUIDs list
---------- Proprietary GUIDs: ------------------------------
[*] Proprietary GUIDs list is empty
========== END: ============================================

========== START: modules\AcpiS3SaveDxe ====================
---------- LocateProtocol function calls: ------------------
[*] 0x976L: EFI_BOOT_SERVICES->LocateProtocol is called in the function sub_7B8
[*] 0x9cdL: EFI_BOOT_SERVICES->LocateProtocol is called in the function sub_9B4
[*] 0xa11L: EFI_BOOT_SERVICES->LocateProtocol is called in the function sub_9F8
[*] 0xb57L: EFI_BOOT_SERVICES->LocateProtocol is called in the function sub_B30
[*] 0xbaaL: EFI_BOOT_SERVICES->LocateProtocol is called in the function sub_B6C
[*] 0xc7eL: EFI_BOOT_SERVICES->LocateProtocol is called in the function sub_C4C
--------- GUIDs from LocateProtocol function calls: --------
[*] 0xf00L: ['0x11b34006L', '0xd85bL', '0x4d0aL', '0xa2', '0x90', '0xd5', '0xa5', '0x71', '0x31', '0xe', '0xf7']
[*] 0xe70L: ['0xc68ed8e2L', '0x9dc6L', '0x4cbdL', '0x9d', '0x94', '0xdb', '0x65', '0xac', '0xc5', '0xc3', '0x32']
[*] 0xe90L: ['0xcd3d0a05L', '0x9e24L', '0x437cL', '0xa8', '0x91', '0x1e', '0xe0', '0x53', '0xdb', '0x76', '0x38']
[*] 0xec0L: ['0x3fdda605L', '0xa76eL', '0x4f46L', '0xad', '0x29', '0x12', '0xf4', '0x53', '0x1b', '0x3d', '0x8']
---------- Trusted GUIDs: ----------------------------------
[*] 0xf00L: ['0x11b34006L', '0xd85bL', '0x4d0aL', '0xa2', '0x90', '0xd5', '0xa5', '0x71', '0x31', '0xe', '0xf7'] is PCD_PROTOCOL_GUID from TianoCoreGUIDs list
[*] 0xe70L: ['0xc68ed8e2L', '0x9dc6L', '0x4cbdL', '0x9d', '0x94', '0xdb', '0x65', '0xac', '0xc5', '0xc3', '0x32'] is EFI_SMM_COMMUNICATION_PROTOCOL_GUID from TianoCoreGUIDs list
[*] 0xec0L: ['0x3fdda605L', '0xa76eL', '0x4f46L', '0xad', '0x29', '0x12', '0xf4', '0x53', '0x1b', '0x3d', '0x8'] is EFI_MP_SERVICES_PROTOCOL_GUID from TianoCoreGUIDs list
---------- Proprietary GUIDs: ------------------------------
[!] 0xe90L: ['0xcd3d0a05L', '0x9e24L', '0x437cL', '0xa8', '0x91', '0x1e', '0xe0', '0x53', '0xdb', '0x76', '0x38'] is proprietary GUID
========== END: ============================================

========== START: modules\AcpiSmm ==========================
---------- LocateProtocol function calls: ------------------
[*] 0x32aL: EFI_BOOT_SERVICES->LocateProtocol is called in the function sub_2F4
[*] 0x357L: EFI_BOOT_SERVICES->LocateProtocol is called in the function sub_2F4
[*] 0xa03L: _EFI_SMM_SYSTEM_TABLE2.LocateProtocol is called in the function sub_9E8
[*] 0xad8L: _EFI_SMM_SYSTEM_TABLE2.LocateProtocol is called in the function sub_A10
[*] 0xaf2L: EFI_BOOT_SERVICES->LocateProtocol is called in the function sub_A10
[*] 0xb1aL: EFI_BOOT_SERVICES->LocateProtocol is called in the function sub_A10
[*] 0xb42L: EFI_BOOT_SERVICES->LocateProtocol is called in the function sub_A10
[*] 0xd20L: _EFI_SMM_SYSTEM_TABLE2.LocateProtocol is called in the function sub_CDC
[*] 0xe04L: _EFI_SMM_SYSTEM_TABLE2.LocateProtocol is called in the function sub_CDC
--------- GUIDs from LocateProtocol function calls: --------
[*] 0x1e90L: ['0x74e1e48L', '0x8132L', '0x47a1L', '0x8c', '0x2c', '0x3f', '0x14', '0xad', '0x9a', '0x66', '0xdc']
[*] 0x1eb0L: ['0xc2702b74L', '0x800cL', '0x4131L', '0x87', '0x46', '0x8f', '0xb5', '0xb8', '0x9c', '0xe4', '0xac']
[*] 0x1e40L: ['0x18a3c6dcL', '0x5eeaL', '0x48c8L', '0xa1', '0xc1', '0xb5', '0x33', '0x89', '0xf9', '0x89', '0x99']
[*] 0x1e80L: ['0xab5a4df4L', '0xf0d7L', '0x49a8L', '0xbf', '0x5c', '0xf2', '0x5d', '0xa0', '0x4c', '0x25', '0x33']
[*] 0x1e30L: ['0xf4ccbfb7L', '0xf6e0L', '0x47fdL', '0x9d', '0xd4', '0x10', '0xa8', '0xf1', '0x50', '0xc1', '0x91']
[*] 0x1ee0L: ['0x70eeecbeL', '0x727aL', '0x4244L', '0x90', '0x4c', '0xdb', '0x6b', '0xf0', '0x5', '0x53', '0x92']
[*] 0x1ed0L: ['0xaade7c97L', '0x98e7L', '0x4cfaL', '0xb4', '0xef', '0xbb', '0xe2', '0x5', '0x6', '0xa3', '0x1d']
[*] 0x1ec0L: ['0x3dc21d75L', '0xde0eL', '0x4300L', '0xa0', '0xaa', '0x19', '0xc4', '0x1c', '0xc', '0xf3', '0xdf']
[*] 0x1e50L: ['0xde8bacfL', '0xe00aL', '0x4538L', '0xbe', '0xd', '0x81', '0xaf', '0x93', '0x74', '0xfc', '0xc9']
---------- Trusted GUIDs: ----------------------------------
[*] 0x1eb0L: ['0xc2702b74L', '0x800cL', '0x4131L', '0x87', '0x46', '0x8f', '0xb5', '0xb8', '0x9c', '0xe4', '0xac'] is EFI_SMM_ACCESS2_PROTOCOL_GUID from TianoCoreGUIDs list
[*] 0x1e40L: ['0x18a3c6dcL', '0x5eeaL', '0x48c8L', '0xa1', '0xc1', '0xb5', '0x33', '0x89', '0xf9', '0x89', '0x99'] is EFI_SMM_SW_DISPATCH2_PROTOCOL_GUID from TianoCoreGUIDs list
[*] 0x1e30L: ['0xf4ccbfb7L', '0xf6e0L', '0x47fdL', '0x9d', '0xd4', '0x10', '0xa8', '0xf1', '0x50', '0xc1', '0x91'] is EFI_SMM_BASE2_PROTOCOL_GUID from TianoCoreGUIDs list
[*] 0x1e90L: ['0x74e1e48L', '0x8132L', '0x47a1L', '0x8c', '0x2c', '0x3f', '0x14', '0xad', '0x9a', '0x66', '0xdc'] is EFI_GLOBAL_NVS_AREA_PROTOCOL_GUID from AmiGUIDs list
---------- Proprietary GUIDs: ------------------------------
[!] 0x1e80L: ['0xab5a4df4L', '0xf0d7L', '0x49a8L', '0xbf', '0x5c', '0xf2', '0x5d', '0xa0', '0x4c', '0x25', '0x33'] is proprietary GUID
[!] 0x1ee0L: ['0x70eeecbeL', '0x727aL', '0x4244L', '0x90', '0x4c', '0xdb', '0x6b', '0xf0', '0x5', '0x53', '0x92'] is proprietary GUID
[!] 0x1ed0L: ['0xaade7c97L', '0x98e7L', '0x4cfaL', '0xb4', '0xef', '0xbb', '0xe2', '0x5', '0x6', '0xa3', '0x1d'] is proprietary GUID
[!] 0x1ec0L: ['0x3dc21d75L', '0xde0eL', '0x4300L', '0xa0', '0xaa', '0x19', '0xc4', '0x1c', '0xc', '0xf3', '0xdf'] is proprietary GUID
[!] 0x1e50L: ['0xde8bacfL', '0xe00aL', '0x4538L', '0xbe', '0xd', '0x81', '0xaf', '0x93', '0x74', '0xfc', '0xc9'] is proprietary GUID
========== END: ============================================

========== START: modules\ActiveBios =======================
---------- LocateProtocol function calls: ------------------
[*] LocateProtocol function calls list is empty
========== END: ============================================

========== START: modules\ActiveManagement =================
---------- LocateProtocol function calls: ------------------
[*] 0x39aL: EFI_BOOT_SERVICES->LocateProtocol is called in the function sub_344
--------- GUIDs from LocateProtocol function calls: --------
[*] 0x8b0L: ['0x45de9920L', '0xcd54L', '0x446aL', '0xa0', '0x3c', '0x22', '0xe6', '0xfb', '0xb4', '0x51', '0xe4']
---------- Trusted GUIDs: ----------------------------------
[*] Trusted GUIDs list is empty
---------- Proprietary GUIDs: ------------------------------
[!] 0x8b0L: ['0x45de9920L', '0xcd54L', '0x446aL', '0xa0', '0x3c', '0x22', '0xe6', '0xfb', '0xb4', '0x51', '0xe4'] is proprietary GUID
========== END: ============================================

========== START: modules\AlertStandardFormatDxe ===========
---------- LocateProtocol function calls: ------------------
[*] 0x356L: EFI_BOOT_SERVICES->LocateProtocol is called in the function sub_334
[*] 0x46eL: EFI_BOOT_SERVICES->LocateProtocol is called in the function sub_3FC
[*] 0x6b3L: EFI_BOOT_SERVICES->LocateProtocol is called in the function sub_674
[*] 0x70aL: EFI_BOOT_SERVICES->LocateProtocol is called in the function sub_674
[*] 0x7beL: EFI_BOOT_SERVICES->LocateProtocol is called in the function sub_768
[*] 0xa96L: EFI_BOOT_SERVICES->LocateProtocol is called in the function sub_768
[*] 0xb1dL: EFI_BOOT_SERVICES->LocateProtocol is called in the function sub_AF4
[*] 0xe43L: EFI_BOOT_SERVICES->LocateProtocol is called in the function sub_E28
[*] 0x1305L: EFI_BOOT_SERVICES->LocateProtocol is called in the function sub_12D8
[*] 0x144bL: EFI_BOOT_SERVICES->LocateProtocol is called in the function sub_1430
[*] 0x15b5L: EFI_BOOT_SERVICES->LocateProtocol is called in the function sub_1588
--------- GUIDs from LocateProtocol function calls: --------
[*] 0x1750L: ['0x6725e645L', '0x4a7fL', '0x9969L', '0x82', '0xec', '0xd1', '0x87', '0x21', '0xde', '0x5a', '0x57']
[*] 0x17c0L: ['0xa0b5dc52L', '0x4f34L', '0x3990L', '0xd4', '0x91', '0x10', '0x8b', '0xe8', '0xba', '0x75', '0x42']
[*] 0x1710L: ['0xeb97088eL', '0xcfdfL', '0x49c6L', '0xbe', '0x4b', '0xd9', '0x6', '0xa5', '0xb2', '0xe', '0x86']
[*] 0x1780L: ['0xae80d021L', '0x618eL', '0x11d4L', '0xbc', '0xd7', '0x0', '0x80', '0xc7', '0x3c', '0x88', '0x81']
[*] 0x17f0L: ['0xffe06bddL', '0x6107L', '0x46a6L', '0x7b', '0xb2', '0x5a', '0x9c', '0x7e', '0xc5', '0x27', '0x5c']
[*] 0x1800L: ['0x3c7bc880L', '0x41f8L', '0x4869L', '0xae', '0xfc', '0x87', '0xa', '0x3e', '0xd2', '0x82', '0x99']
---------- Trusted GUIDs: ----------------------------------
[*] 0x1710L: ['0xeb97088eL', '0xcfdfL', '0x49c6L', '0xbe', '0x4b', '0xd9', '0x6', '0xa5', '0xb2', '0xe', '0x86'] is EFI_ACPI_SDT_PROTOCOL_GUID from TianoCoreGUIDs list
[*] 0x1780L: ['0xae80d021L', '0x618eL', '0x11d4L', '0xbc', '0xd7', '0x0', '0x80', '0xc7', '0x3c', '0x88', '0x81'] is EFI_DATA_HUB_PROTOCOL_GUID from TianoCoreGUIDs list
[*] 0x17f0L: ['0xffe06bddL', '0x6107L', '0x46a6L', '0x7b', '0xb2', '0x5a', '0x9c', '0x7e', '0xc5', '0x27', '0x5c'] is EFI_ACPI_TABLE_PROTOCOL_GUID from TianoCoreGUIDs list
---------- Proprietary GUIDs: ------------------------------
[!] 0x1750L: ['0x6725e645L', '0x4a7fL', '0x9969L', '0x82', '0xec', '0xd1', '0x87', '0x21', '0xde', '0x5a', '0x57'] is proprietary GUID
[!] 0x17c0L: ['0xa0b5dc52L', '0x4f34L', '0x3990L', '0xd4', '0x91', '0x10', '0x8b', '0xe8', '0xba', '0x75', '0x42'] is proprietary GUID
[!] 0x1800L: ['0x3c7bc880L', '0x41f8L', '0x4869L', '0xae', '0xfc', '0x87', '0xa', '0x3e', '0xd2', '0x82', '0x99'] is proprietary GUID
========== END: ============================================

========== START: modules\AmtConfig ========================
---------- LocateProtocol function calls: ------------------
[*] 0x354L: EFI_BOOT_SERVICES->LocateProtocol is called in the function sub_334
[*] 0x5c9L: EFI_BOOT_SERVICES->LocateProtocol is called in the function sub_598
[*] 0x600L: EFI_BOOT_SERVICES->LocateProtocol is called in the function sub_598
[*] 0xeefL: EFI_BOOT_SERVICES->LocateProtocol is called in the function sub_EC4
[*] 0x1077L: EFI_BOOT_SERVICES->LocateProtocol is called in the function sub_EC4
[*] 0x116aL: EFI_BOOT_SERVICES->LocateProtocol is called in the function sub_EC4
[*] 0x1448L: EFI_BOOT_SERVICES->LocateProtocol is called in the function sub_140C
[*] 0x146dL: EFI_BOOT_SERVICES->LocateProtocol is called in the function sub_140C
[*] 0x14d3L: EFI_BOOT_SERVICES->LocateProtocol is called in the function sub_140C
[*] 0x161bL: EFI_BOOT_SERVICES->LocateProtocol is called in the function sub_15F8
[*] 0x16c7L: EFI_BOOT_SERVICES->LocateProtocol is called in the function sub_1694
--------- GUIDs from LocateProtocol function calls: --------
[*] 0x19a0L: ['0xc817335L', '0x77c3L', '0x4743L', '0x99', '0xa1', '0x94', '0x26', '0xcf', '0x17', '0xa4', '0x95']
[*] 0x1990L: ['0x8d9b3387L', '0x73dbL', '0x456fL', '0x88', '0x9d', '0x6f', '0xfe', '0x90', '0x82', '0x64', '0x9']
[*] 0x1ac0L: ['0x3c7bc880L', '0x41f8L', '0x4869L', '0xae', '0xfc', '0x87', '0xa', '0x3e', '0xd2', '0x82', '0x99']
[*] 0x1a70L: ['0xbc52476eL', '0xf67eL', '0x4301L', '0xb2', '0x62', '0x36', '0x9c', '0x48', '0x78', '0xaa', '0xc2']
[*] 0x19f0L: ['0x6725e645L', '0x4a7fL', '0x9969L', '0x82', '0xec', '0xd1', '0x87', '0x21', '0xde', '0x5a', '0x57']
[*] 0x1a80L: ['0xa0b5dc52L', '0x4f34L', '0x3990L', '0xd4', '0x91', '0x10', '0x8b', '0xe8', '0xba', '0x75', '0x42']
[*] 0x1a30L: ['0xb42b8d12L', '0x2acbL', '0x499aL', '0xa9', '0x20', '0xdd', '0x5b', '0xe6', '0xcf', '0x9', '0xb1']
---------- Trusted GUIDs: ----------------------------------
[*] 0x1a70L: ['0xbc52476eL', '0xf67eL', '0x4301L', '0xb2', '0x62', '0x36', '0x9c', '0x48', '0x78', '0xaa', '0xc2'] is PLATFORM_ME_HOOK_PROTOCOL_GUID from AmiGUIDs list
[*] 0x1a30L: ['0xb42b8d12L', '0x2acbL', '0x499aL', '0xa9', '0x20', '0xdd', '0x5b', '0xe6', '0xcf', '0x9', '0xb1'] is WDT_PROTOCOL_GUID from AmiGUIDs list
---------- Proprietary GUIDs: ------------------------------
[!] 0x19a0L: ['0xc817335L', '0x77c3L', '0x4743L', '0x99', '0xa1', '0x94', '0x26', '0xcf', '0x17', '0xa4', '0x95'] is proprietary GUID
[!] 0x1990L: ['0x8d9b3387L', '0x73dbL', '0x456fL', '0x88', '0x9d', '0x6f', '0xfe', '0x90', '0x82', '0x64', '0x9'] is proprietary GUID
[!] 0x1ac0L: ['0x3c7bc880L', '0x41f8L', '0x4869L', '0xae', '0xfc', '0x87', '0xa', '0x3e', '0xd2', '0x82', '0x99'] is proprietary GUID
[!] 0x19f0L: ['0x6725e645L', '0x4a7fL', '0x9969L', '0x82', '0xec', '0xd1', '0x87', '0x21', '0xde', '0x5a', '0x57'] is proprietary GUID
[!] 0x1a80L: ['0xa0b5dc52L', '0x4f34L', '0x3990L', '0xd4', '0x91', '0x10', '0x8b', '0xe8', '0xba', '0x75', '0x42'] is proprietary GUID
========== END: ============================================

========== START: modules\AmtInt16 =========================
---------- LocateProtocol function calls: ------------------
[*] 0x2f7L: EFI_BOOT_SERVICES->LocateProtocol is called in the function sub_2D4
[*] 0x51fL: EFI_BOOT_SERVICES->LocateProtocol is called in the function sub_4F8
--------- GUIDs from LocateProtocol function calls: --------
[*] 0x6a0L: ['0x919383deL', '0xebacL', '0x4924L', '0x1', '0x94', '0x52', '0x59', '0xe0', '0xd', '0x65', '0x7a']
[*] 0x660L: ['0xdb9a1e3dL', '0x45cbL', '0x4abbL', '0x85', '0x3b', '0xe5', '0x38', '0x7f', '0xdb', '0x2e', '0x2d']
---------- Trusted GUIDs: ----------------------------------
[*] 0x660L: ['0xdb9a1e3dL', '0x45cbL', '0x4abbL', '0x85', '0x3b', '0xe5', '0x38', '0x7f', '0xdb', '0x2e', '0x2d'] is EFI_LEGACY_BIOS_PROTOCOL_GUID from TianoCoreGUIDs list
---------- Proprietary GUIDs: ------------------------------
[!] 0x6a0L: ['0x919383deL', '0xebacL', '0x4924L', '0x1', '0x94', '0x52', '0x59', '0xe0', '0xd', '0x65', '0x7a'] is proprietary GUID
========== END: ============================================

========== START: modules\AmtPetAlertDxe ===================
---------- LocateProtocol function calls: ------------------
[*] 0x391L: EFI_BOOT_SERVICES->LocateProtocol is called in the function sub_2EC
[*] 0x3aeL: EFI_BOOT_SERVICES->LocateProtocol is called in the function sub_2EC
[*] 0x3cbL: EFI_BOOT_SERVICES->LocateProtocol is called in the function sub_2EC
[*] 0x3e8L: EFI_BOOT_SERVICES->LocateProtocol is called in the function sub_2EC
[*] 0x405L: EFI_BOOT_SERVICES->LocateProtocol is called in the function sub_2EC
[*] 0x69bL: EFI_BOOT_SERVICES->LocateProtocol is called in the function sub_594
[*] 0xa95L: EFI_BOOT_SERVICES->LocateProtocol is called in the function sub_A64
[*] 0xc19L: EFI_BOOT_SERVICES->LocateProtocol is called in the function sub_B3C
[*] 0x259dL: EFI_BOOT_SERVICES->LocateProtocol is called in the function sub_2580
[*] 0x32fbL: EFI_BOOT_SERVICES->LocateProtocol is called in the function sub_32C0
[*] 0x33c6L: EFI_BOOT_SERVICES->LocateProtocol is called in the function sub_339C
[*] 0x37efL: EFI_BOOT_SERVICES->LocateProtocol is called in the function sub_37C8
[*] 0x39c5L: EFI_BOOT_SERVICES->LocateProtocol is called in the function sub_39A8
--------- GUIDs from LocateProtocol function calls: --------
[*] 0x8ee0L: ['0x11b34006L', '0xd85bL', '0x4d0aL', '0xa2', '0x90', '0xd5', '0xa5', '0x71', '0x31', '0xe', '0xf7']
[*] 0x8e30L: ['0xfd96974L', '0x23aaL', '0x4cdcL', '0xb9', '0xcb', '0x98', '0xd1', '0x77', '0x50', '0x32', '0x2a']
[*] 0x3c60L: ['0x607f766cL', '0x7455L', '0x42beL', '0x93', '0xb', '0xe4', '0xd7', '0x6d', '0xb2', '0x72', '0xf']
[*] 0x8eb0L: ['0x3c7bc880L', '0x41f8L', '0x4869L', '0xae', '0xfc', '0x87', '0xa', '0x3e', '0xd2', '0x82', '0x99']
[*] 0x8e50L: ['0xf541796dL', '0xa62eL', '0x4954L', '0xa7', '0x75', '0x95', '0x84', '0xf6', '0x1b', '0x9c', '0xdd']
[*] 0x3bd0L: ['0xdb9a1e3dL', '0x45cbL', '0x4abbL', '0x85', '0x3b', '0xe5', '0x38', '0x7f', '0xdb', '0x2e', '0x2d']
[*] 0x3be0L: ['0xef9fc172L', '0xa1b2L', '0x4693L', '0xb3', '0x27', '0x6d', '0x32', '0xfc', '0x41', '0x60', '0x42']
[*] 0x3bb0L: ['0xe9ca4775L', '0x8657L', '0x47fcL', '0x97', '0xe7', '0x7e', '0xd6', '0x5a', '0x8', '0x43', '0x24']
[*] 0x3c40L: ['0x31a6406aL', '0x6bdfL', '0x4e46L', '0xb2', '0xa2', '0xeb', '0xaa', '0x89', '0xc4', '0x9', '0x20']
[*] 0x8d50L: ['0x6725e645L', '0x4a7fL', '0x9969L', '0x82', '0xec', '0xd1', '0x87', '0x21', '0xde', '0x5a', '0x57']
[*] 0x3bf0L: ['0x587e72d7L', '0xcc50L', '0x4f79L', '0x82', '0x9', '0xca', '0x29', '0x1f', '0xc1', '0xa1', '0xf']
[*] 0x8e60L: ['0x8b843e20L', '0x8132L', '0x4852L', '0x90', '0xcc', '0x55', '0x1a', '0x4e', '0x4a', '0x7f', '0x1c']
---------- Trusted GUIDs: ----------------------------------
[*] 0x8ee0L: ['0x11b34006L', '0xd85bL', '0x4d0aL', '0xa2', '0x90', '0xd5', '0xa5', '0x71', '0x31', '0xe', '0xf7'] is PCD_PROTOCOL_GUID from TianoCoreGUIDs list
[*] 0x8e30L: ['0xfd96974L', '0x23aaL', '0x4cdcL', '0xb9', '0xcb', '0x98', '0xd1', '0x77', '0x50', '0x32', '0x2a'] is EFI_HII_STRING_PROTOCOL_GUID from TianoCoreGUIDs list
[*] 0x8e50L: ['0xf541796dL', '0xa62eL', '0x4954L', '0xa7', '0x75', '0x95', '0x84', '0xf6', '0x1b', '0x9c', '0xdd'] is EFI_TCG_PROTOCOL_GUID from TianoCoreGUIDs list
[*] 0x3bd0L: ['0xdb9a1e3dL', '0x45cbL', '0x4abbL', '0x85', '0x3b', '0xe5', '0x38', '0x7f', '0xdb', '0x2e', '0x2d'] is EFI_LEGACY_BIOS_PROTOCOL_GUID from TianoCoreGUIDs list
[*] 0x3be0L: ['0xef9fc172L', '0xa1b2L', '0x4693L', '0xb3', '0x27', '0x6d', '0x32', '0xfc', '0x41', '0x60', '0x42'] is EFI_HII_DATABASE_PROTOCOL_GUID from TianoCoreGUIDs list
[*] 0x3bb0L: ['0xe9ca4775L', '0x8657L', '0x47fcL', '0x97', '0xe7', '0x7e', '0xd6', '0x5a', '0x8', '0x43', '0x24'] is EFI_HII_FONT_PROTOCOL_GUID from TianoCoreGUIDs list
[*] 0x3c40L: ['0x31a6406aL', '0x6bdfL', '0x4e46L', '0xb2', '0xa2', '0xeb', '0xaa', '0x89', '0xc4', '0x9', '0x20'] is EFI_HII_IMAGE_PROTOCOL_GUID from TianoCoreGUIDs list
[*] 0x3bf0L: ['0x587e72d7L', '0xcc50L', '0x4f79L', '0x82', '0x9', '0xca', '0x29', '0x1f', '0xc1', '0xa1', '0xf'] is EFI_HII_CONFIG_ROUTING_PROTOCOL_GUID from TianoCoreGUIDs list
[*] 0x8e60L: ['0x8b843e20L', '0x8132L', '0x4852L', '0x90', '0xcc', '0x55', '0x1a', '0x4e', '0x4a', '0x7f', '0x1c'] is EFI_DEVICE_PATH_TO_TEXT_PROTOCOL_GUID from TianoCoreGUIDs list
[*] 0x3c60L: ['0x607f766cL', '0x7455L', '0x42beL', '0x93', '0xb', '0xe4', '0xd7', '0x6d', '0xb2', '0x72', '0xf'] is gEfiTrEEProtocolGuid from MdePkgGUIDs list
---------- Proprietary GUIDs: ------------------------------
[!] 0x8eb0L: ['0x3c7bc880L', '0x41f8L', '0x4869L', '0xae', '0xfc', '0x87', '0xa', '0x3e', '0xd2', '0x82', '0x99'] is proprietary GUID
[!] 0x8d50L: ['0x6725e645L', '0x4a7fL', '0x9969L', '0x82', '0xec', '0xd1', '0x87', '0x21', '0xde', '0x5a', '0x57'] is proprietary GUID
========== END: ============================================

========== START: modules\AmtSetupDxe ======================
---------- LocateProtocol function calls: ------------------
[*] 0x2bdL: EFI_BOOT_SERVICES->LocateProtocol is called in the function sub_294
--------- GUIDs from LocateProtocol function calls: --------
[*] 0x390L: ['0x919383deL', '0xebacL', '0x4924L', '0x1', '0x94', '0x52', '0x59', '0xe0', '0xd', '0x65', '0x7a']
---------- Trusted GUIDs: ----------------------------------
[*] Trusted GUIDs list is empty
---------- Proprietary GUIDs: ------------------------------
[!] 0x390L: ['0x919383deL', '0xebacL', '0x4924L', '0x1', '0x94', '0x52', '0x59', '0xe0', '0xd', '0x65', '0x7a'] is proprietary GUID
========== END: ============================================

========== START: modules\AmtStatusCodePei =================
---------- LocateProtocol function calls: ------------------
[*] LocateProtocol function calls list is empty
========== END: ============================================

========== START: modules\AmtWrapperDxe ====================
---------- LocateProtocol function calls: ------------------
[*] 0x361L: EFI_BOOT_SERVICES->LocateProtocol is called in the function sub_2BC
[*] 0x37eL: EFI_BOOT_SERVICES->LocateProtocol is called in the function sub_2BC
[*] 0x39bL: EFI_BOOT_SERVICES->LocateProtocol is called in the function sub_2BC
[*] 0x3b8L: EFI_BOOT_SERVICES->LocateProtocol is called in the function sub_2BC
[*] 0x3d5L: EFI_BOOT_SERVICES->LocateProtocol is called in the function sub_2BC
[*] 0x6f2L: EFI_BOOT_SERVICES->LocateProtocol is called in the function sub_6C8
[*] 0xc28L: EFI_BOOT_SERVICES->LocateProtocol is called in the function sub_BD4
[*] 0xcd3L: EFI_BOOT_SERVICES->LocateProtocol is called in the function sub_CAC
[*] 0xd0eL: EFI_BOOT_SERVICES->LocateProtocol is called in the function sub_CAC
[*] 0xd32L: EFI_BOOT_SERVICES->LocateProtocol is called in the function sub_CAC
[*] 0x1177L: EFI_BOOT_SERVICES->LocateProtocol is called in the function sub_1140
[*] 0x1661L: EFI_BOOT_SERVICES->LocateProtocol is called in the function sub_1630
[*] 0x3e45L: EFI_BOOT_SERVICES->LocateProtocol is called in the function sub_3E28
[*] 0x66b1L: _EFI_SMM_SYSTEM_TABLE2.LocateProtocol is called in the function sub_6368
[*] 0x6720L: EFI_BOOT_SERVICES->LocateProtocol is called in the function sub_6368
[*] 0x7856L: EFI_BOOT_SERVICES->LocateProtocol is called in the function sub_7814
[*] 0x82f9L: EFI_BOOT_SERVICES->LocateProtocol is called in the function sub_82CC
[*] 0x83faL: EFI_BOOT_SERVICES->LocateProtocol is called in the function sub_8388
[*] 0x886dL: EFI_BOOT_SERVICES->LocateProtocol is called in the function sub_8830
[*] 0x8c75L: EFI_BOOT_SERVICES->LocateProtocol is called in the function sub_8C1C
[*] 0x94a5L: EFI_BOOT_SERVICES->LocateProtocol is called in the function sub_945C
[*] 0x9632L: EFI_BOOT_SERVICES->LocateProtocol is called in the function sub_9614
[*] 0x96a6L: EFI_BOOT_SERVICES->LocateProtocol is called in the function sub_9678
[*] 0x9861L: EFI_BOOT_SERVICES->LocateProtocol is called in the function sub_9678
[*] 0x9befL: EFI_BOOT_SERVICES->LocateProtocol is called in the function sub_9BC8
[*] 0xac89L: EFI_BOOT_SERVICES->LocateProtocol is called in the function sub_AC5C
[*] 0xacbcL: EFI_BOOT_SERVICES->LocateProtocol is called in the function sub_AC5C
[*] 0xba59L: EFI_BOOT_SERVICES->LocateProtocol is called in the function sub_BA3C
--------- GUIDs from LocateProtocol function calls: --------
[*] 0xbcd0L: ['0xe9ca4775L', '0x8657L', '0x47fcL', '0x97', '0xe7', '0x7e', '0xd6', '0x5a', '0x8', '0x43', '0x24']
[*] 0x10f80L: ['0xf541796dL', '0xa62eL', '0x4954L', '0xa7', '0x75', '0x95', '0x84', '0xf6', '0x1b', '0x9c', '0xdd']
[*] 0x11050L: ['0x45de9920L', '0xcd54L', '0x446aL', '0xa0', '0x3c', '0x22', '0xe6', '0xfb', '0xb4', '0x51', '0xe4']
[*] 0xbd00L: ['0xef9fc172L', '0xa1b2L', '0x4693L', '0xb3', '0x27', '0x6d', '0x32', '0xfc', '0x41', '0x60', '0x42']
[*] 0xbd40L: ['0xb9d4c360L', '0xbcfbL', '0x4f9bL', '0x92', '0x98', '0x53', '0xc1', '0x36', '0x98', '0x22', '0x58']
[*] 0xbdb0L: ['0x607f766cL', '0x7455L', '0x42beL', '0x93', '0xb', '0xe4', '0xd7', '0x6d', '0xb2', '0x72', '0xf']
[*] 0x11020L: ['0x1ea81becL', '0xf01aL', '0x4d98L', '0xa2', '0x1', '0x4a', '0x61', '0xce', '0x2f', '0xc0', '0x22']
[*] 0xbd80L: ['0x31a6406aL', '0x6bdfL', '0x4e46L', '0xb2', '0xa2', '0xeb', '0xaa', '0x89', '0xc4', '0x9', '0x20']
[*] 0xbca0L: ['0xd25dc167L', '0xeb6aL', '0x432dL', '0x65', '0x91', '0xbf', '0x80', '0x29', '0xb0', '0x5', '0xbb']
[*] 0x11100L: ['0x3c7bc880L', '0x41f8L', '0x4869L', '0xae', '0xfc', '0x87', '0xa', '0x3e', '0xd2', '0x82', '0x99']
[*] 0xbcf0L: ['0xdb9a1e3dL', '0x45cbL', '0x4abbL', '0x85', '0x3b', '0xe5', '0x38', '0x7f', '0xdb', '0x2e', '0x2d']
[*] 0x10f50L: ['0xfd96974L', '0x23aaL', '0x4cdcL', '0xb9', '0xcb', '0x98', '0xd1', '0x77', '0x50', '0x32', '0x2a']
[*] 0x11140L: ['0x11b34006L', '0xd85bL', '0x4d0aL', '0xa2', '0x90', '0xd5', '0xa5', '0x71', '0x31', '0xe', '0xf7']
[*] 0x10e80L: ['0x6725e645L', '0x4a7fL', '0x9969L', '0x82', '0xec', '0xd1', '0x87', '0x21', '0xde', '0x5a', '0x57']
[*] 0x10fd0L: ['0x76b6bdfaL', '0x2acdL', '0x4462L', '0x9e', '0x3f', '0xcb', '0x58', '0xc9', '0x69', '0xd9', '0x37']
[*] 0xbd10L: ['0x587e72d7L', '0xcc50L', '0x4f79L', '0x82', '0x9', '0xca', '0x29', '0x1f', '0xc1', '0xa1', '0xf']
[*] 0x110c0L: ['0xcdea2bd3L', '0xfc25L', '0x4c1cL', '0xb9', '0x7c', '0xb3', '0x11', '0x86', '0x6', '0x49', '0x90']
---------- Trusted GUIDs: ----------------------------------
[*] 0xbcd0L: ['0xe9ca4775L', '0x8657L', '0x47fcL', '0x97', '0xe7', '0x7e', '0xd6', '0x5a', '0x8', '0x43', '0x24'] is EFI_HII_FONT_PROTOCOL_GUID from TianoCoreGUIDs list
[*] 0x10f80L: ['0xf541796dL', '0xa62eL', '0x4954L', '0xa7', '0x75', '0x95', '0x84', '0xf6', '0x1b', '0x9c', '0xdd'] is EFI_TCG_PROTOCOL_GUID from TianoCoreGUIDs list
[*] 0xbd00L: ['0xef9fc172L', '0xa1b2L', '0x4693L', '0xb3', '0x27', '0x6d', '0x32', '0xfc', '0x41', '0x60', '0x42'] is EFI_HII_DATABASE_PROTOCOL_GUID from TianoCoreGUIDs list
[*] 0xbd40L: ['0xb9d4c360L', '0xbcfbL', '0x4f9bL', '0x92', '0x98', '0x53', '0xc1', '0x36', '0x98', '0x22', '0x58'] is EFI_FORM_BROWSER2_PROTOCOL_GUID from TianoCoreGUIDs list
[*] 0x11020L: ['0x1ea81becL', '0xf01aL', '0x4d98L', '0xa2', '0x1', '0x4a', '0x61', '0xce', '0x2f', '0xc0', '0x22'] is PERFORMANCE_EX_PROTOCOL_GUID from TianoCoreGUIDs list
[*] 0xbd80L: ['0x31a6406aL', '0x6bdfL', '0x4e46L', '0xb2', '0xa2', '0xeb', '0xaa', '0x89', '0xc4', '0x9', '0x20'] is EFI_HII_IMAGE_PROTOCOL_GUID from TianoCoreGUIDs list
[*] 0xbcf0L: ['0xdb9a1e3dL', '0x45cbL', '0x4abbL', '0x85', '0x3b', '0xe5', '0x38', '0x7f', '0xdb', '0x2e', '0x2d'] is EFI_LEGACY_BIOS_PROTOCOL_GUID from TianoCoreGUIDs list
[*] 0x10f50L: ['0xfd96974L', '0x23aaL', '0x4cdcL', '0xb9', '0xcb', '0x98', '0xd1', '0x77', '0x50', '0x32', '0x2a'] is EFI_HII_STRING_PROTOCOL_GUID from TianoCoreGUIDs list
[*] 0x11140L: ['0x11b34006L', '0xd85bL', '0x4d0aL', '0xa2', '0x90', '0xd5', '0xa5', '0x71', '0x31', '0xe', '0xf7'] is PCD_PROTOCOL_GUID from TianoCoreGUIDs list
[*] 0x10fd0L: ['0x76b6bdfaL', '0x2acdL', '0x4462L', '0x9e', '0x3f', '0xcb', '0x58', '0xc9', '0x69', '0xd9', '0x37'] is PERFORMANCE_PROTOCOL_GUID from TianoCoreGUIDs list
[*] 0xbd10L: ['0x587e72d7L', '0xcc50L', '0x4f79L', '0x82', '0x9', '0xca', '0x29', '0x1f', '0xc1', '0xa1', '0xf'] is EFI_HII_CONFIG_ROUTING_PROTOCOL_GUID from TianoCoreGUIDs list
[*] 0x110c0L: ['0xcdea2bd3L', '0xfc25L', '0x4c1cL', '0xb9', '0x7c', '0xb3', '0x11', '0x86', '0x6', '0x49', '0x90'] is EFI_BOOT_LOGO_PROTOCOL_GUID from TianoCoreGUIDs list
[*] 0xbdb0L: ['0x607f766cL', '0x7455L', '0x42beL', '0x93', '0xb', '0xe4', '0xd7', '0x6d', '0xb2', '0x72', '0xf'] is gEfiTrEEProtocolGuid from MdePkgGUIDs list
---------- Proprietary GUIDs: ------------------------------
[!] 0x11050L: ['0x45de9920L', '0xcd54L', '0x446aL', '0xa0', '0x3c', '0x22', '0xe6', '0xfb', '0xb4', '0x51', '0xe4'] is proprietary GUID
[!] 0xbca0L: ['0xd25dc167L', '0xeb6aL', '0x432dL', '0x65', '0x91', '0xbf', '0x80', '0x29', '0xb0', '0x5', '0xbb'] is proprietary GUID
[!] 0x11100L: ['0x3c7bc880L', '0x41f8L', '0x4869L', '0xae', '0xfc', '0x87', '0xa', '0x3e', '0xd2', '0x82', '0x99'] is proprietary GUID
[!] 0x10e80L: ['0x6725e645L', '0x4a7fL', '0x9969L', '0x82', '0xec', '0xd1', '0x87', '0x21', '0xde', '0x5a', '0x57'] is proprietary GUID
========== END: ============================================

========== START: modules\ArpDxe ===========================
---------- LocateProtocol function calls: ------------------
[*] 0x461L: EFI_BOOT_SERVICES->LocateProtocol is called in the function _ModuleEntryPoint
--------- GUIDs from LocateProtocol function calls: --------
[*] 0x2cf0L: ['0x480f8ae9L', '0xc46L', '0x4aa9L', '0xbc', '0x89', '0xdb', '0x9f', '0xba', '0x61', '0x98', '0x6']
---------- Trusted GUIDs: ----------------------------------
[*] 0x2cf0L: ['0x480f8ae9L', '0xc46L', '0x4aa9L', '0xbc', '0x89', '0xdb', '0x9f', '0xba', '0x61', '0x98', '0x6'] is EFI_DPC_PROTOCOL_GUID from TianoCoreGUIDs list
---------- Proprietary GUIDs: ------------------------------
[*] Proprietary GUIDs list is empty
========== END: ============================================

========== START: modules\AsfTable =========================
---------- LocateProtocol function calls: ------------------
[*] 0x351L: EFI_BOOT_SERVICES->LocateProtocol is called in the function sub_328
[*] 0x3cfL: EFI_BOOT_SERVICES->LocateProtocol is called in the function sub_328
--------- GUIDs from LocateProtocol function calls: --------
[*] 0x470L: ['0x45de9920L', '0xcd54L', '0x446aL', '0xa0', '0x3c', '0x22', '0xe6', '0xfb', '0xb4', '0x51', '0xe4']
[*] 0x480L: ['0xffe06bddL', '0x6107L', '0x46a6L', '0x7b', '0xb2', '0x5a', '0x9c', '0x7e', '0xc5', '0x27', '0x5c']
---------- Trusted GUIDs: ----------------------------------
[*] 0x480L: ['0xffe06bddL', '0x6107L', '0x46a6L', '0x7b', '0xb2', '0x5a', '0x9c', '0x7e', '0xc5', '0x27', '0x5c'] is EFI_ACPI_TABLE_PROTOCOL_GUID from TianoCoreGUIDs list
---------- Proprietary GUIDs: ------------------------------
[!] 0x470L: ['0x45de9920L', '0xcd54L', '0x446aL', '0xa0', '0x3c', '0x22', '0xe6', '0xfb', '0xb4', '0x51', '0xe4'] is proprietary GUID
========== END: ============================================

========== START: modules\BdatAccessHandler ================
---------- LocateProtocol function calls: ------------------
[*] 0x2c4L: EFI_BOOT_SERVICES->LocateProtocol is called in the function _ModuleEntryPoint
[*] 0x2fcL: EFI_BOOT_SERVICES->LocateProtocol is called in the function _ModuleEntryPoint
--------- GUIDs from LocateProtocol function calls: --------
[*] 0x7f0L: ['0xc6aa1f27L', '0x5597L', '0x4802L', '0x9f', '0x63', '0xd6', '0x28', '0x36', '0x59', '0x86', '0x35']
[*] 0x810L: ['0xffe06bddL', '0x6107L', '0x46a6L', '0x7b', '0xb2', '0x5a', '0x9c', '0x7e', '0xc5', '0x27', '0x5c']
---------- Trusted GUIDs: ----------------------------------
[*] 0x810L: ['0xffe06bddL', '0x6107L', '0x46a6L', '0x7b', '0xb2', '0x5a', '0x9c', '0x7e', '0xc5', '0x27', '0x5c'] is EFI_ACPI_TABLE_PROTOCOL_GUID from TianoCoreGUIDs list
---------- Proprietary GUIDs: ------------------------------
[!] 0x7f0L: ['0xc6aa1f27L', '0x5597L', '0x4802L', '0x9f', '0x63', '0xd6', '0x28', '0x36', '0x59', '0x86', '0x35'] is proprietary GUID
========== END: ============================================

========== START: modules\BdsCtrl ==========================
---------- LocateProtocol function calls: ------------------
[*] 0x450L: EFI_BOOT_SERVICES->LocateProtocol is called in the function sub_430
[*] 0x66dL: EFI_BOOT_SERVICES->LocateProtocol is called in the function sub_654
[*] 0x75aL: EFI_BOOT_SERVICES->LocateProtocol is called in the function sub_73C
[*] 0x98dL: EFI_BOOT_SERVICES->LocateProtocol is called in the function sub_974
[*] 0xa38L: EFI_BOOT_SERVICES->LocateProtocol is called in the function sub_9D4
[*] 0x107bL: EFI_BOOT_SERVICES->LocateProtocol is called in the function sub_1054
[*] 0x1268L: EFI_BOOT_SERVICES->LocateProtocol is called in the function sub_1220
[*] 0x2543L: EFI_BOOT_SERVICES->LocateProtocol is called in the function sub_251C
--------- GUIDs from LocateProtocol function calls: --------
[*] 0x2dd0L: ['0xfef58c89L', '0xf74bL', '0x4aa8L', '0xa9', '0xa5', '0x3', '0xb5', '0xab', '0x82', '0x23', '0x2d']
[*] 0x2e60L: ['0x70101eafL', '0x85L', '0x440cL', '0xb3', '0x56', '0x8e', '0xe3', '0x6f', '0xef', '0x24', '0xf0']
[*] 0x2d50L: ['0xc817335L', '0x77c3L', '0x4743L', '0x99', '0xa1', '0x94', '0x26', '0xcf', '0x17', '0xa4', '0x95']
[*] 0x2dc0L: ['0x3161ddabL', '0x9600L', '0x4301L', '0xaa', '0xb2', '0x93', '0x0', '0x63', '0x95', '0x82', '0x4a']
[*] 0x2d40L: ['0xdb9a1e3dL', '0x45cbL', '0x4abbL', '0x85', '0x3b', '0xe5', '0x38', '0x7f', '0xdb', '0x2e', '0x2d']
[*] 0x2db0L: ['0xb7646a4L', '0x6b44L', '0x4332L', '0x85', '0x88', '0xc8', '0x99', '0x81', '0x17', '0xf2', '0xef']
[*] 0x2e10L: ['0x44029fa7L', '0xab98L', '0x4506L', '0x96', '0x6c', '0x32', '0xd2', '0xde', '0xeb', '0x2a', '0xa']
[*] 0x2e50L: ['0x11b34006L', '0xd85bL', '0x4d0aL', '0xa2', '0x90', '0xd5', '0xa5', '0x71', '0x31', '0xe', '0xf7']
---------- Trusted GUIDs: ----------------------------------
[*] 0x2e60L: ['0x70101eafL', '0x85L', '0x440cL', '0xb3', '0x56', '0x8e', '0xe3', '0x6f', '0xef', '0x24', '0xf0'] is EFI_LEGACY_REGION2_PROTOCOL_GUID from TianoCoreGUIDs list
[*] 0x2d40L: ['0xdb9a1e3dL', '0x45cbL', '0x4abbL', '0x85', '0x3b', '0xe5', '0x38', '0x7f', '0xdb', '0x2e', '0x2d'] is EFI_LEGACY_BIOS_PROTOCOL_GUID from TianoCoreGUIDs list
[*] 0x2e50L: ['0x11b34006L', '0xd85bL', '0x4d0aL', '0xa2', '0x90', '0xd5', '0xa5', '0x71', '0x31', '0xe', '0xf7'] is PCD_PROTOCOL_GUID from TianoCoreGUIDs list
---------- Proprietary GUIDs: ------------------------------
[!] 0x2dd0L: ['0xfef58c89L', '0xf74bL', '0x4aa8L', '0xa9', '0xa5', '0x3', '0xb5', '0xab', '0x82', '0x23', '0x2d'] is proprietary GUID
[!] 0x2d50L: ['0xc817335L', '0x77c3L', '0x4743L', '0x99', '0xa1', '0x94', '0x26', '0xcf', '0x17', '0xa4', '0x95'] is proprietary GUID
[!] 0x2dc0L: ['0x3161ddabL', '0x9600L', '0x4301L', '0xaa', '0xb2', '0x93', '0x0', '0x63', '0x95', '0x82', '0x4a'] is proprietary GUID
[!] 0x2db0L: ['0xb7646a4L', '0x6b44L', '0x4332L', '0x85', '0x88', '0xc8', '0x99', '0x81', '0x17', '0xf2', '0xef'] is proprietary GUID
[!] 0x2e10L: ['0x44029fa7L', '0xab98L', '0x4506L', '0x96', '0x6c', '0x32', '0xd2', '0xde', '0xeb', '0x2a', '0xa'] is proprietary GUID
========== END: ============================================

========== START: modules\BdsMilestone =====================
---------- LocateProtocol function calls: ------------------
[*] 0x100bL: EFI_BOOT_SERVICES->LocateProtocol is called in the function sub_FE4
[*] 0x107dL: EFI_BOOT_SERVICES->LocateProtocol is called in the function sub_1064
[*] 0x1103L: EFI_BOOT_SERVICES->LocateProtocol is called in the function sub_10DC
[*] 0x18d2L: _EFI_SMM_SYSTEM_TABLE2.LocateProtocol is called in the function sub_17F8
[*] 0x1c69L: EFI_BOOT_SERVICES->LocateProtocol is called in the function sub_1C50
[*] 0x1cf9L: EFI_BOOT_SERVICES->LocateProtocol is called in the function sub_1CE0
[*] 0x1d89L: EFI_BOOT_SERVICES->LocateProtocol is called in the function sub_1D70
[*] 0x1f0aL: EFI_BOOT_SERVICES->LocateProtocol is called in the function sub_1E1C
[*] 0x1fa1L: EFI_BOOT_SERVICES->LocateProtocol is called in the function sub_1E1C
[*] 0x1ff6L: EFI_BOOT_SERVICES->LocateProtocol is called in the function sub_1E1C
[*] 0x2042L: EFI_BOOT_SERVICES->LocateProtocol is called in the function sub_1E1C
[*] 0x2119L: EFI_BOOT_SERVICES->LocateProtocol is called in the function sub_2100
[*] 0x22eeL: EFI_BOOT_SERVICES->LocateProtocol is called in the function sub_2234
[*] 0x2bddL: EFI_BOOT_SERVICES->LocateProtocol is called in the function sub_2AF4
[*] 0x2e93L: EFI_BOOT_SERVICES->LocateProtocol is called in the function sub_2E58
[*] 0x2f35L: EFI_BOOT_SERVICES->LocateProtocol is called in the function sub_2F18
[*] 0x2f5dL: EFI_BOOT_SERVICES->LocateProtocol is called in the function sub_2F18
[*] 0x2f81L: EFI_BOOT_SERVICES->LocateProtocol is called in the function sub_2F18
[*] 0x32adL: EFI_BOOT_SERVICES->LocateProtocol is called in the function sub_3240
[*] 0x36d9L: EFI_BOOT_SERVICES->LocateProtocol is called in the function sub_3670
[*] 0x378bL: EFI_BOOT_SERVICES->LocateProtocol is called in the function sub_3670
[*] 0x384cL: EFI_BOOT_SERVICES->LocateProtocol is called in the function sub_3818
[*] 0x39f9L: EFI_BOOT_SERVICES->LocateProtocol is called in the function sub_39E0
[*] 0x9c13L: EFI_BOOT_SERVICES->LocateProtocol is called in the function sub_9BEC
--------- GUIDs from LocateProtocol function calls: --------
[*] 0xab80L: ['0x3161ddabL', '0x9600L', '0x4301L', '0xaa', '0xb2', '0x93', '0x0', '0x63', '0x95', '0x82', '0x4a']
[*] 0xaa20L: ['0x5c99a21L', '0xc70fL', '0x4ad2L', '0x8a', '0x5f', '0x35', '0xdf', '0x33', '0x43', '0xf5', '0x1e']
[*] 0xaaf0L: ['0xaf4cf576L', '0x30a9L', '0x4412L', '0x9b', '0x66', '0xae', '0x7e', '0x8d', '0xb1', '0xa7', '0x5a']
[*] 0xaab0L: ['0xe6f014abL', '0xcb0eL', '0x456eL', '0x8a', '0xf7', '0x72', '0x21', '0xed', '0xb7', '0x2', '0xf7']
[*] 0xaa10L: ['0xdb9a1e3dL', '0x45cbL', '0x4abbL', '0x85', '0x3b', '0xe5', '0x38', '0x7f', '0xdb', '0x2e', '0x2d']
[*] 0xa990L: ['0x73e47354L', '0xb0c5L', '0x4e00L', '0xa7', '0x14', '0x9d', '0xd', '0x5a', '0x4f', '0xdb', '0xfd']
[*] 0xaa30L: ['0xc817335L', '0x77c3L', '0x4743L', '0x99', '0xa1', '0x94', '0x26', '0xcf', '0x17', '0xa4', '0x95']
[*] 0xac90L: ['0x11b34006L', '0xd85bL', '0x4d0aL', '0xa2', '0x90', '0xd5', '0xa5', '0x71', '0x31', '0xe', '0xf7']
[*] 0xab90L: ['0x3fdda605L', '0xa76eL', '0x4f46L', '0xad', '0x29', '0x12', '0xf4', '0x53', '0x1b', '0x3d', '0x8']
[*] 0xabe0L: ['0x6441f818L', '0x6362L', '0x4e44L', '0xb5', '0x70', '0x7d', '0xba', '0x31', '0xdd', '0x24', '0x53']
[*] 0xab70L: ['0xb7646a4L', '0x6b44L', '0x4332L', '0x85', '0x88', '0xc8', '0x99', '0x81', '0x17', '0xf2', '0xef']
[*] 0xac30L: ['0x44029fa7L', '0xab98L', '0x4506L', '0x96', '0x6c', '0x32', '0xd2', '0xde', '0xeb', '0x2a', '0xa']
[*] 0xab40L: ['0x4212a9d4L', '0x4a92L', '0x4bfbL', '0xb4', '0x7f', '0x27', '0x34', '0x35', '0x5f', '0x54', '0xac']
---------- Trusted GUIDs: ----------------------------------
[*] 0xaa20L: ['0x5c99a21L', '0xc70fL', '0x4ad2L', '0x8a', '0x5f', '0x35', '0xdf', '0x33', '0x43', '0xf5', '0x1e'] is EFI_DEVICE_PATH_FROM_TEXT_PROTOCOL_GUID from TianoCoreGUIDs list
[*] 0xaa10L: ['0xdb9a1e3dL', '0x45cbL', '0x4abbL', '0x85', '0x3b', '0xe5', '0x38', '0x7f', '0xdb', '0x2e', '0x2d'] is EFI_LEGACY_BIOS_PROTOCOL_GUID from TianoCoreGUIDs list
[*] 0xac90L: ['0x11b34006L', '0xd85bL', '0x4d0aL', '0xa2', '0x90', '0xd5', '0xa5', '0x71', '0x31', '0xe', '0xf7'] is PCD_PROTOCOL_GUID from TianoCoreGUIDs list
[*] 0xab90L: ['0x3fdda605L', '0xa76eL', '0x4f46L', '0xad', '0x29', '0x12', '0xf4', '0x53', '0x1b', '0x3d', '0x8'] is EFI_MP_SERVICES_PROTOCOL_GUID from TianoCoreGUIDs list
[*] 0xabe0L: ['0x6441f818L', '0x6362L', '0x4e44L', '0xb5', '0x70', '0x7d', '0xba', '0x31', '0xdd', '0x24', '0x53'] is EFI_VARIABLE_WRITE_ARCH_PROTOCOL_GUID from TianoCoreGUIDs list
---------- Proprietary GUIDs: ------------------------------
[!] 0xab80L: ['0x3161ddabL', '0x9600L', '0x4301L', '0xaa', '0xb2', '0x93', '0x0', '0x63', '0x95', '0x82', '0x4a'] is proprietary GUID
[!] 0xaaf0L: ['0xaf4cf576L', '0x30a9L', '0x4412L', '0x9b', '0x66', '0xae', '0x7e', '0x8d', '0xb1', '0xa7', '0x5a'] is proprietary GUID
[!] 0xaab0L: ['0xe6f014abL', '0xcb0eL', '0x456eL', '0x8a', '0xf7', '0x72', '0x21', '0xed', '0xb7', '0x2', '0xf7'] is proprietary GUID
[!] 0xa990L: ['0x73e47354L', '0xb0c5L', '0x4e00L', '0xa7', '0x14', '0x9d', '0xd', '0x5a', '0x4f', '0xdb', '0xfd'] is proprietary GUID
[!] 0xaa30L: ['0xc817335L', '0x77c3L', '0x4743L', '0x99', '0xa1', '0x94', '0x26', '0xcf', '0x17', '0xa4', '0x95'] is proprietary GUID
[!] 0xab70L: ['0xb7646a4L', '0x6b44L', '0x4332L', '0x85', '0x88', '0xc8', '0x99', '0x81', '0x17', '0xf2', '0xef'] is proprietary GUID
[!] 0xac30L: ['0x44029fa7L', '0xab98L', '0x4506L', '0x96', '0x6c', '0x32', '0xd2', '0xde', '0xeb', '0x2a', '0xa'] is proprietary GUID
[!] 0xab40L: ['0x4212a9d4L', '0x4a92L', '0x4bfbL', '0xb4', '0x7f', '0x27', '0x34', '0x35', '0x5f', '0x54', '0xac'] is proprietary GUID
========== END: ============================================

========== START: modules\BiosExtensionLoader ==============
---------- LocateProtocol function calls: ------------------
[*] 0x36eL: EFI_BOOT_SERVICES->LocateProtocol is called in the function sub_344
[*] 0xbc6L: EFI_BOOT_SERVICES->LocateProtocol is called in the function sub_A70
[*] 0xf3eL: EFI_BOOT_SERVICES->LocateProtocol is called in the function sub_A70
[*] 0x10a7L: EFI_BOOT_SERVICES->LocateProtocol is called in the function sub_1080
[*] 0x10d0L: EFI_BOOT_SERVICES->LocateProtocol is called in the function sub_1080
[*] 0x1aa7L: EFI_BOOT_SERVICES->LocateProtocol is called in the function sub_199C
[*] 0x2fddL: EFI_BOOT_SERVICES->LocateProtocol is called in the function sub_2FB0
[*] 0x3010L: EFI_BOOT_SERVICES->LocateProtocol is called in the function sub_2FB0
[*] 0x3190L: EFI_BOOT_SERVICES->LocateProtocol is called in the function sub_3154
[*] 0x31b5L: EFI_BOOT_SERVICES->LocateProtocol is called in the function sub_3154
[*] 0x321bL: EFI_BOOT_SERVICES->LocateProtocol is called in the function sub_3154
[*] 0x32cfL: EFI_BOOT_SERVICES->LocateProtocol is called in the function sub_329C
[*] 0x33f3L: EFI_BOOT_SERVICES->LocateProtocol is called in the function sub_33C0
[*] 0x3481L: EFI_BOOT_SERVICES->LocateProtocol is called in the function sub_3454
[*] 0x35faL: EFI_BOOT_SERVICES->LocateProtocol is called in the function sub_3588
[*] 0x36c2L: EFI_BOOT_SERVICES->LocateProtocol is called in the function sub_36A0
--------- GUIDs from LocateProtocol function calls: --------
[*] 0x39b0L: ['0x8d9b3387L', '0x73dbL', '0x456fL', '0x88', '0x9d', '0x6f', '0xfe', '0x90', '0x82', '0x64', '0x9']
[*] 0x3990L: ['0xd25dc167L', '0xeb6aL', '0x432dL', '0x65', '0x91', '0xbf', '0x80', '0x29', '0xb0', '0x5', '0xbb']
[*] 0x3b10L: ['0x1ab1829L', '0xcecdL', '0x4cfaL', '0xa1', '0x8c', '0xea', '0x75', '0xd6', '0x6f', '0x3e', '0x74']
[*] 0x3b50L: ['0x3c7bc880L', '0x41f8L', '0x4869L', '0xae', '0xfc', '0x87', '0xa', '0x3e', '0xd2', '0x82', '0x99']
[*] 0x3b20L: ['0x2f707ebbL', '0x4a1aL', '0x11d4L', '0x9a', '0x38', '0x0', '0x90', '0x27', '0x3f', '0xc1', '0x4d']
[*] 0x3a00L: ['0x6725e645L', '0x4a7fL', '0x9969L', '0x82', '0xec', '0xd1', '0x87', '0x21', '0xde', '0x5a', '0x57']
[*] 0x3af0L: ['0xbc52476eL', '0xf67eL', '0x4301L', '0xb2', '0x62', '0x36', '0x9c', '0x48', '0x78', '0xaa', '0xc2']
[*] 0x3aa0L: ['0x76b6bdfaL', '0x2acdL', '0x4462L', '0x9e', '0x3f', '0xcb', '0x58', '0xc9', '0x69', '0xd9', '0x37']
[*] 0x3a60L: ['0xb42b8d12L', '0x2acbL', '0x499aL', '0xa9', '0x20', '0xdd', '0x5b', '0xe6', '0xcf', '0x9', '0xb1']
[*] 0x3ad0L: ['0x1ea81becL', '0xf01aL', '0x4d98L', '0xa2', '0x1', '0x4a', '0x61', '0xce', '0x2f', '0xc0', '0x22']
---------- Trusted GUIDs: ----------------------------------
[*] 0x3b20L: ['0x2f707ebbL', '0x4a1aL', '0x11d4L', '0x9a', '0x38', '0x0', '0x90', '0x27', '0x3f', '0xc1', '0x4d'] is EFI_PCI_ROOT_BRIDGE_IO_PROTOCOL_GUID from TianoCoreGUIDs list
[*] 0x3aa0L: ['0x76b6bdfaL', '0x2acdL', '0x4462L', '0x9e', '0x3f', '0xcb', '0x58', '0xc9', '0x69', '0xd9', '0x37'] is PERFORMANCE_PROTOCOL_GUID from TianoCoreGUIDs list
[*] 0x3ad0L: ['0x1ea81becL', '0xf01aL', '0x4d98L', '0xa2', '0x1', '0x4a', '0x61', '0xce', '0x2f', '0xc0', '0x22'] is PERFORMANCE_EX_PROTOCOL_GUID from TianoCoreGUIDs list
[*] 0x3b10L: ['0x1ab1829L', '0xcecdL', '0x4cfaL', '0xa1', '0x8c', '0xea', '0x75', '0xd6', '0x6f', '0x3e', '0x74'] is INTEL_MEBX_PROTOCOL_GUID from AmiGUIDs list
[*] 0x3af0L: ['0xbc52476eL', '0xf67eL', '0x4301L', '0xb2', '0x62', '0x36', '0x9c', '0x48', '0x78', '0xaa', '0xc2'] is PLATFORM_ME_HOOK_PROTOCOL_GUID from AmiGUIDs list
[*] 0x3a60L: ['0xb42b8d12L', '0x2acbL', '0x499aL', '0xa9', '0x20', '0xdd', '0x5b', '0xe6', '0xcf', '0x9', '0xb1'] is WDT_PROTOCOL_GUID from AmiGUIDs list
---------- Proprietary GUIDs: ------------------------------
[!] 0x39b0L: ['0x8d9b3387L', '0x73dbL', '0x456fL', '0x88', '0x9d', '0x6f', '0xfe', '0x90', '0x82', '0x64', '0x9'] is proprietary GUID
[!] 0x3990L: ['0xd25dc167L', '0xeb6aL', '0x432dL', '0x65', '0x91', '0xbf', '0x80', '0x29', '0xb0', '0x5', '0xbb'] is proprietary GUID
[!] 0x3b50L: ['0x3c7bc880L', '0x41f8L', '0x4869L', '0xae', '0xfc', '0x87', '0xa', '0x3e', '0xd2', '0x82', '0x99'] is proprietary GUID
[!] 0x3a00L: ['0x6725e645L', '0x4a7fL', '0x9969L', '0x82', '0xec', '0xd1', '0x87', '0x21', '0xde', '0x5a', '0x57'] is proprietary GUID
========== END: ============================================

========== START: modules\BiosGuardServices ================
---------- LocateProtocol function calls: ------------------
[*] 0x32fL: EFI_BOOT_SERVICES->LocateProtocol is called in the function sub_2F4
[*] 0x35aL: EFI_BOOT_SERVICES->LocateProtocol is called in the function sub_2F4
[*] 0x48dL: _EFI_SMM_SYSTEM_TABLE2.LocateProtocol is called in the function sub_474
[*] 0x4aaL: _EFI_SMM_SYSTEM_TABLE2.LocateProtocol is called in the function sub_474
[*] 0x569L: EFI_BOOT_SERVICES->LocateProtocol is called in the function sub_53C
--------- GUIDs from LocateProtocol function calls: --------
[*] 0x14e0L: ['0x17565311L', '0x4b71L', '0x4340L', '0x88', '0xaa', '0xdc', '0x9f', '0x44', '0x22', '0xe5', '0x3a']
[*] 0x14b0L: ['0xc2702b74L', '0x800cL', '0x4131L', '0x87', '0x46', '0x8f', '0xb5', '0xb8', '0x9c', '0xe4', '0xac']
[*] 0x14c0L: ['0x58dc368dL', '0x7bfaL', '0x4e77L', '0xab', '0xbc', '0xe', '0x29', '0x41', '0x8d', '0xf9', '0x30']
[*] 0x1480L: ['0xf4ccbfb7L', '0xf6e0L', '0x47fdL', '0x9d', '0xd4', '0x10', '0xa8', '0xf1', '0x50', '0xc1', '0x91']
[*] 0x14a0L: ['0xab5a4df4L', '0xf0d7L', '0x49a8L', '0xbf', '0x5c', '0xf2', '0x5d', '0xa0', '0x4c', '0x25', '0x33']
---------- Trusted GUIDs: ----------------------------------
[*] 0x14b0L: ['0xc2702b74L', '0x800cL', '0x4131L', '0x87', '0x46', '0x8f', '0xb5', '0xb8', '0x9c', '0xe4', '0xac'] is EFI_SMM_ACCESS2_PROTOCOL_GUID from TianoCoreGUIDs list
[*] 0x14c0L: ['0x58dc368dL', '0x7bfaL', '0x4e77L', '0xab', '0xbc', '0xe', '0x29', '0x41', '0x8d', '0xf9', '0x30'] is EFI_SMM_IO_TRAP_DISPATCH2_PROTOCOL_GUID from TianoCoreGUIDs list
[*] 0x1480L: ['0xf4ccbfb7L', '0xf6e0L', '0x47fdL', '0x9d', '0xd4', '0x10', '0xa8', '0xf1', '0x50', '0xc1', '0x91'] is EFI_SMM_BASE2_PROTOCOL_GUID from TianoCoreGUIDs list
---------- Proprietary GUIDs: ------------------------------
[!] 0x14e0L: ['0x17565311L', '0x4b71L', '0x4340L', '0x88', '0xaa', '0xdc', '0x9f', '0x44', '0x22', '0xe5', '0x3a'] is proprietary GUID
[!] 0x14a0L: ['0xab5a4df4L', '0xf0d7L', '0x49a8L', '0xbf', '0x5c', '0xf2', '0x5d', '0xa0', '0x4c', '0x25', '0x33'] is proprietary GUID
========== END: ============================================

========== START: modules\BiosInfo =========================
---------- LocateProtocol function calls: ------------------
[*] LocateProtocol function calls list is empty
========== END: ============================================

========== START: modules\BiosInfoChecker ==================
---------- LocateProtocol function calls: ------------------
[*] LocateProtocol function calls list is empty
========== END: ============================================

========== START: modules\BiosVideoDxe =====================
---------- LocateProtocol function calls: ------------------
[*] 0x3b8L: EFI_BOOT_SERVICES->LocateProtocol is called in the function sub_384
[*] 0x4f8L: EFI_BOOT_SERVICES->LocateProtocol is called in the function sub_4B8
[*] 0x12eaL: EFI_BOOT_SERVICES->LocateProtocol is called in the function sub_115C
[*] 0x321bL: EFI_BOOT_SERVICES->LocateProtocol is called in the function sub_31F4
--------- GUIDs from LocateProtocol function calls: --------
[*] 0x3890L: ['0x11b34006L', '0xd85bL', '0x4d0aL', '0xa2', '0x90', '0xd5', '0xa5', '0x71', '0x31', '0xe', '0xf7']
[*] 0x37b0L: ['0xdb9a1e3dL', '0x45cbL', '0x4abbL', '0x85', '0x3b', '0xe5', '0x38', '0x7f', '0xdb', '0x2e', '0x2d']
[*] 0x3870L: ['0x48ecb431L', '0xfb72L', '0x45c0L', '0xa9', '0x22', '0xf4', '0x58', '0xfe', '0x4', '0xb', '0xd5']
---------- Trusted GUIDs: ----------------------------------
[*] 0x3890L: ['0x11b34006L', '0xd85bL', '0x4d0aL', '0xa2', '0x90', '0xd5', '0xa5', '0x71', '0x31', '0xe', '0xf7'] is PCD_PROTOCOL_GUID from TianoCoreGUIDs list
[*] 0x37b0L: ['0xdb9a1e3dL', '0x45cbL', '0x4abbL', '0x85', '0x3b', '0xe5', '0x38', '0x7f', '0xdb', '0x2e', '0x2d'] is EFI_LEGACY_BIOS_PROTOCOL_GUID from TianoCoreGUIDs list
[*] 0x3870L: ['0x48ecb431L', '0xfb72L', '0x45c0L', '0xa9', '0x22', '0xf4', '0x58', '0xfe', '0x4', '0xb', '0xd5'] is EFI_EDID_OVERRIDE_PROTOCOL_GUID from TianoCoreGUIDs list
---------- Proprietary GUIDs: ------------------------------
[*] Proprietary GUIDs list is empty
========== END: ============================================

========== START: modules\BlockIoDxe =======================
---------- LocateProtocol function calls: ------------------
[*] 0x37dL: EFI_BOOT_SERVICES->LocateProtocol is called in the function sub_350
[*] 0x4dbL: EFI_BOOT_SERVICES->LocateProtocol is called in the function sub_490
--------- GUIDs from LocateProtocol function calls: --------
[*] 0x27b0L: ['0xdb9a1e3dL', '0x45cbL', '0x4abbL', '0x85', '0x3b', '0xe5', '0x38', '0x7f', '0xdb', '0x2e', '0x2d']
---------- Trusted GUIDs: ----------------------------------
[*] 0x27b0L: ['0xdb9a1e3dL', '0x45cbL', '0x4abbL', '0x85', '0x3b', '0xe5', '0x38', '0x7f', '0xdb', '0x2e', '0x2d'] is EFI_LEGACY_BIOS_PROTOCOL_GUID from TianoCoreGUIDs list
---------- Proprietary GUIDs: ------------------------------
[*] Proprietary GUIDs list is empty
========== END: ============================================

========== START: modules\BoardConfigInitPreMem ============
---------- LocateProtocol function calls: ------------------
[*] LocateProtocol function calls list is empty
========== END: ============================================

========== START: modules\BoardInfoDxe =====================
---------- LocateProtocol function calls: ------------------
[*] 0x2f4L: EFI_BOOT_SERVICES->LocateProtocol is called in the function sub_2D4
--------- GUIDs from LocateProtocol function calls: --------
[*] 0xfe0L: ['0xad61f191L', '0xae5fL', '0x4c0eL', '0xb9', '0xfa', '0xe8', '0x69', '0xd2', '0x88', '0xc6', '0x4f']
---------- Trusted GUIDs: ----------------------------------
[*] 0xfe0L: ['0xad61f191L', '0xae5fL', '0x4c0eL', '0xb9', '0xfa', '0xe8', '0x69', '0xd2', '0x88', '0xc6', '0x4f'] is EFI_CPU_IO2_PROTOCOL_GUID from TianoCoreGUIDs list
---------- Proprietary GUIDs: ------------------------------
[*] Proprietary GUIDs list is empty
========== END: ============================================

========== START: modules\BoardInfoPeim ====================
---------- LocateProtocol function calls: ------------------
[*] LocateProtocol function calls list is empty
========== END: ============================================

========== START: modules\BoardInfoSmm =====================
---------- LocateProtocol function calls: ------------------
[*] 0x34eL: EFI_BOOT_SERVICES->LocateProtocol is called in the function sub_314
[*] 0x379L: EFI_BOOT_SERVICES->LocateProtocol is called in the function sub_314
[*] 0x593L: _EFI_SMM_SYSTEM_TABLE2.LocateProtocol is called in the function sub_478
--------- GUIDs from LocateProtocol function calls: --------
[*] 0x14f0L: ['0xc2702b74L', '0x800cL', '0x4131L', '0x87', '0x46', '0x8f', '0xb5', '0xb8', '0x9c', '0xe4', '0xac']
[*] 0x14d0L: ['0xf4ccbfb7L', '0xf6e0L', '0x47fdL', '0x9d', '0xd4', '0x10', '0xa8', '0xf1', '0x50', '0xc1', '0x91']
[*] 0x14c0L: ['0x98840739L', '0xd6dfL', '0x4564L', '0x8b', '0x9f', '0xcd', '0xde', '0xa3', '0xdc', '0x32', '0xe9']
---------- Trusted GUIDs: ----------------------------------
[*] 0x14f0L: ['0xc2702b74L', '0x800cL', '0x4131L', '0x87', '0x46', '0x8f', '0xb5', '0xb8', '0x9c', '0xe4', '0xac'] is EFI_SMM_ACCESS2_PROTOCOL_GUID from TianoCoreGUIDs list
[*] 0x14d0L: ['0xf4ccbfb7L', '0xf6e0L', '0x47fdL', '0x9d', '0xd4', '0x10', '0xa8', '0xf1', '0x50', '0xc1', '0x91'] is EFI_SMM_BASE2_PROTOCOL_GUID from TianoCoreGUIDs list
---------- Proprietary GUIDs: ------------------------------
[!] 0x14c0L: ['0x98840739L', '0xd6dfL', '0x4564L', '0x8b', '0x9f', '0xcd', '0xde', '0xa3', '0xdc', '0x32', '0xe9'] is proprietary GUID
========== END: ============================================

========== START: modules\BootGraphicsResourceTableDxe =====
---------- LocateProtocol function calls: ------------------
[*] LocateProtocol function calls list is empty
========== END: ============================================

========== START: modules\BootOption =======================
---------- LocateProtocol function calls: ------------------
[*] 0x325L: EFI_BOOT_SERVICES->LocateProtocol is called in the function sub_2D4
[*] 0x3b2L: EFI_BOOT_SERVICES->LocateProtocol is called in the function sub_394
[*] 0x475L: EFI_BOOT_SERVICES->LocateProtocol is called in the function sub_400
[*] 0xcbfL: EFI_BOOT_SERVICES->LocateProtocol is called in the function sub_C80
[*] 0x114cL: EFI_BOOT_SERVICES->LocateProtocol is called in the function sub_10AC
[*] 0x463aL: EFI_BOOT_SERVICES->LocateProtocol is called in the function sub_45D0
[*] 0x481eL: EFI_BOOT_SERVICES->LocateProtocol is called in the function sub_47CC
[*] 0x5449L: EFI_BOOT_SERVICES->LocateProtocol is called in the function sub_53B8
--------- GUIDs from LocateProtocol function calls: --------
[*] 0xaf40L: ['0x589f4b42L', '0xa905L', '0x11e0L', '0x82', '0x64', '0x8', '0x0', '0x20', '0xc', '0x9a', '0x66']
[*] 0xae50L: ['0x5c99a21L', '0xc70fL', '0x4ad2L', '0x8a', '0x5f', '0x35', '0xdf', '0x33', '0x43', '0xf5', '0x1e']
[*] 0xaf70L: ['0x6441f818L', '0x6362L', '0x4e44L', '0xb5', '0x70', '0x7d', '0xba', '0x31', '0xdd', '0x24', '0x53']
[*] 0xadb0L: ['0xfa9fb52cL', '0xf8ebL', '0x410bL', '0xa1', '0xb8', '0xd4', '0xd0', '0x6d', '0x36', '0xc5', '0xbf']
[*] 0xaed0L: ['0xaf4cf576L', '0x30a9L', '0x4412L', '0x9b', '0x66', '0xae', '0x7e', '0x8d', '0xb1', '0xa7', '0x5a']
---------- Trusted GUIDs: ----------------------------------
[*] 0xae50L: ['0x5c99a21L', '0xc70fL', '0x4ad2L', '0x8a', '0x5f', '0x35', '0xdf', '0x33', '0x43', '0xf5', '0x1e'] is EFI_DEVICE_PATH_FROM_TEXT_PROTOCOL_GUID from TianoCoreGUIDs list
[*] 0xaf70L: ['0x6441f818L', '0x6362L', '0x4e44L', '0xb5', '0x70', '0x7d', '0xba', '0x31', '0xdd', '0x24', '0x53'] is EFI_VARIABLE_WRITE_ARCH_PROTOCOL_GUID from TianoCoreGUIDs list
---------- Proprietary GUIDs: ------------------------------
[!] 0xaf40L: ['0x589f4b42L', '0xa905L', '0x11e0L', '0x82', '0x64', '0x8', '0x0', '0x20', '0xc', '0x9a', '0x66'] is proprietary GUID
[!] 0xadb0L: ['0xfa9fb52cL', '0xf8ebL', '0x410bL', '0xa1', '0xb8', '0xd4', '0xd0', '0x6d', '0x36', '0xc5', '0xbf'] is proprietary GUID
[!] 0xaed0L: ['0xaf4cf576L', '0x30a9L', '0x4412L', '0x9b', '0x66', '0xae', '0x7e', '0x8d', '0xb1', '0xa7', '0x5a'] is proprietary GUID
========== END: ============================================

========== START: modules\BootPerformanceLog ===============
---------- LocateProtocol function calls: ------------------
[*] 0x14beL: EFI_BOOT_SERVICES->LocateProtocol is called in the function sub_1320
[*] 0x1947L: EFI_BOOT_SERVICES->LocateProtocol is called in the function sub_1914
[*] 0x197cL: EFI_BOOT_SERVICES->LocateProtocol is called in the function sub_1914
[*] 0x1ecfL: EFI_BOOT_SERVICES->LocateProtocol is called in the function sub_1EB4
[*] 0x2cc1L: EFI_BOOT_SERVICES->LocateProtocol is called in the function sub_2C30
[*] 0x3424L: EFI_BOOT_SERVICES->LocateProtocol is called in the function sub_339C
[*] 0x3f81L: EFI_BOOT_SERVICES->LocateProtocol is called in the function sub_3F10
[*] 0x6d69L: EFI_BOOT_SERVICES->LocateProtocol is called in the function sub_6D3C
[*] 0x6d9cL: EFI_BOOT_SERVICES->LocateProtocol is called in the function sub_6D3C
--------- GUIDs from LocateProtocol function calls: --------
[*] 0x8030L: ['0xeb97088eL', '0xcfdfL', '0x49c6L', '0xbe', '0x4b', '0xd9', '0x6', '0xa5', '0xb2', '0xe', '0x86']
[*] 0x8090L: ['0x5c99a21L', '0xc70fL', '0x4ad2L', '0x8a', '0x5f', '0x35', '0xdf', '0x33', '0x43', '0xf5', '0x1e']
[*] 0x8120L: ['0x26baccb1L', '0x6f42L', '0x11d4L', '0xbc', '0xe7', '0x0', '0x80', '0xc7', '0x3c', '0x88', '0x81']
[*] 0x8080L: ['0x3583ff6L', '0xcb36L', '0x4940L', '0x94', '0x7e', '0xb9', '0xb3', '0x9f', '0x4a', '0xfa', '0xf7']
[*] 0x8160L: ['0x76b6bdfaL', '0x2acdL', '0x4462L', '0x9e', '0x3f', '0xcb', '0x58', '0xc9', '0x69', '0xd9', '0x37']
[*] 0x81a0L: ['0x1ea81becL', '0xf01aL', '0x4d98L', '0xa2', '0x1', '0x4a', '0x61', '0xce', '0x2f', '0xc0', '0x22']
[*] 0x8130L: ['0x86212936L', '0xe76L', '0x41c8L', '0xa0', '0x3a', '0x2a', '0xf2', '0xfc', '0x1c', '0x39', '0xe2']
---------- Trusted GUIDs: ----------------------------------
[*] 0x8030L: ['0xeb97088eL', '0xcfdfL', '0x49c6L', '0xbe', '0x4b', '0xd9', '0x6', '0xa5', '0xb2', '0xe', '0x86'] is EFI_ACPI_SDT_PROTOCOL_GUID from TianoCoreGUIDs list
[*] 0x8090L: ['0x5c99a21L', '0xc70fL', '0x4ad2L', '0x8a', '0x5f', '0x35', '0xdf', '0x33', '0x43', '0xf5', '0x1e'] is EFI_DEVICE_PATH_FROM_TEXT_PROTOCOL_GUID from TianoCoreGUIDs list
[*] 0x8120L: ['0x26baccb1L', '0x6f42L', '0x11d4L', '0xbc', '0xe7', '0x0', '0x80', '0xc7', '0x3c', '0x88', '0x81'] is EFI_CPU_ARCH_PROTOCOL_GUID from TianoCoreGUIDs list
[*] 0x8080L: ['0x3583ff6L', '0xcb36L', '0x4940L', '0x94', '0x7e', '0xb9', '0xb3', '0x9f', '0x4a', '0xfa', '0xf7'] is EFI_SMBIOS_PROTOCOL_GUID from TianoCoreGUIDs list
[*] 0x8160L: ['0x76b6bdfaL', '0x2acdL', '0x4462L', '0x9e', '0x3f', '0xcb', '0x58', '0xc9', '0x69', '0xd9', '0x37'] is PERFORMANCE_PROTOCOL_GUID from TianoCoreGUIDs list
[*] 0x81a0L: ['0x1ea81becL', '0xf01aL', '0x4d98L', '0xa2', '0x1', '0x4a', '0x61', '0xce', '0x2f', '0xc0', '0x22'] is PERFORMANCE_EX_PROTOCOL_GUID from TianoCoreGUIDs list
[*] 0x8130L: ['0x86212936L', '0xe76L', '0x41c8L', '0xa0', '0x3a', '0x2a', '0xf2', '0xfc', '0x1c', '0x39', '0xe2'] is EFI_RSC_HANDLER_PROTOCOL_GUID from TianoCoreGUIDs list
---------- Proprietary GUIDs: ------------------------------
[*] Proprietary GUIDs list is empty
========== END: ============================================

========== START: modules\BootPerformanceLogSmm ============
---------- LocateProtocol function calls: ------------------
[*] 0x376L: EFI_BOOT_SERVICES->LocateProtocol is called in the function sub_340
[*] 0x3a3L: EFI_BOOT_SERVICES->LocateProtocol is called in the function sub_340
[*] 0x42bL: _EFI_SMM_SYSTEM_TABLE2.LocateProtocol is called in the function sub_410
[*] 0x485L: _EFI_SMM_SYSTEM_TABLE2.LocateProtocol is called in the function sub_410
--------- GUIDs from LocateProtocol function calls: --------
[*] 0x750L: ['0xf866226aL', '0xeaa5L', '0x4f5aL', '0xa9', '0xa', '0x6c', '0xfb', '0xa5', '0x7c', '0x58', '0x8e']
[*] 0x740L: ['0xf4ccbfb7L', '0xf6e0L', '0x47fdL', '0x9d', '0xd4', '0x10', '0xa8', '0xf1', '0x50', '0xc1', '0x91']
[*] 0x790L: ['0x931fc048L', '0xc71dL', '0x4455L', '0x89', '0x30', '0x47', '0x6', '0x30', '0xe3', '0xe', '0xe5']
[*] 0x780L: ['0xc2702b74L', '0x800cL', '0x4131L', '0x87', '0x46', '0x8f', '0xb5', '0xb8', '0x9c', '0xe4', '0xac']
---------- Trusted GUIDs: ----------------------------------
[*] 0x750L: ['0xf866226aL', '0xeaa5L', '0x4f5aL', '0xa9', '0xa', '0x6c', '0xfb', '0xa5', '0x7c', '0x58', '0x8e'] is SMM_PERFORMANCE_PROTOCOL_GUID from TianoCoreGUIDs list
[*] 0x740L: ['0xf4ccbfb7L', '0xf6e0L', '0x47fdL', '0x9d', '0xd4', '0x10', '0xa8', '0xf1', '0x50', '0xc1', '0x91'] is EFI_SMM_BASE2_PROTOCOL_GUID from TianoCoreGUIDs list
[*] 0x790L: ['0x931fc048L', '0xc71dL', '0x4455L', '0x89', '0x30', '0x47', '0x6', '0x30', '0xe3', '0xe', '0xe5'] is SMM_PERFORMANCE_EX_PROTOCOL_GUID from TianoCoreGUIDs list
[*] 0x780L: ['0xc2702b74L', '0x800cL', '0x4131L', '0x87', '0x46', '0x8f', '0xb5', '0xb8', '0x9c', '0xe4', '0xac'] is EFI_SMM_ACCESS2_PROTOCOL_GUID from TianoCoreGUIDs list
---------- Proprietary GUIDs: ------------------------------
[*] Proprietary GUIDs list is empty
========== END: ============================================

========== START: modules\BootScriptExecutorDxe ============
---------- LocateProtocol function calls: ------------------
[*] 0x4f0L: EFI_BOOT_SERVICES->LocateProtocol is called in the function sub_4CC
[*] 0x1083L: EFI_BOOT_SERVICES->LocateProtocol is called in the function sub_103C
[*] 0x1156L: EFI_BOOT_SERVICES->LocateProtocol is called in the function sub_1124
[*] 0x121eL: EFI_BOOT_SERVICES->LocateProtocol is called in the function sub_11F8
[*] 0x1325L: EFI_BOOT_SERVICES->LocateProtocol is called in the function sub_130C
[*] 0x1532L: EFI_BOOT_SERVICES->LocateProtocol is called in the function sub_1474
[*] 0x44b7L: EFI_BOOT_SERVICES->LocateProtocol is called in the function sub_4490
[*] 0x44f3L: EFI_BOOT_SERVICES->LocateProtocol is called in the function sub_44CC
--------- GUIDs from LocateProtocol function calls: --------
[*] 0x6670L: ['0x60ff8964L', '0xe906L', '0x41d0L', '0xaf', '0xed', '0xf2', '0x41', '0xe9', '0x74', '0xe0', '0x8e']
[*] 0x66a0L: ['0xc68ed8e2L', '0x9dc6L', '0x4cbdL', '0x9d', '0x94', '0xdb', '0x65', '0xac', '0xc5', '0xc3', '0x32']
[*] 0x6750L: ['0x11b34006L', '0xd85bL', '0x4d0aL', '0xa2', '0x90', '0xd5', '0xa5', '0x71', '0x31', '0xe', '0xf7']
[*] 0x66d0L: ['0x13a3f0f6L', '0x264aL', '0x3ef0L', '0xf2', '0xe0', '0xde', '0xc5', '0x12', '0x34', '0x2f', '0x34']
[*] 0x6710L: ['0xfa20568bL', '0x548bL', '0x4b2bL', '0x81', '0xef', '0x1b', '0xa0', '0x8d', '0x4a', '0x3c', '0xec']
[*] 0x6680L: ['0xf4ccbfb7L', '0xf6e0L', '0x47fdL', '0x9d', '0xd4', '0x10', '0xa8', '0xf1', '0x50', '0xc1', '0x91']
---------- Trusted GUIDs: ----------------------------------
[*] 0x6670L: ['0x60ff8964L', '0xe906L', '0x41d0L', '0xaf', '0xed', '0xf2', '0x41', '0xe9', '0x74', '0xe0', '0x8e'] is EFI_DXE_SMM_READY_TO_LOCK_PROTOCOL_GUID from TianoCoreGUIDs list
[*] 0x66a0L: ['0xc68ed8e2L', '0x9dc6L', '0x4cbdL', '0x9d', '0x94', '0xdb', '0x65', '0xac', '0xc5', '0xc3', '0x32'] is EFI_SMM_COMMUNICATION_PROTOCOL_GUID from TianoCoreGUIDs list
[*] 0x6750L: ['0x11b34006L', '0xd85bL', '0x4d0aL', '0xa2', '0x90', '0xd5', '0xa5', '0x71', '0x31', '0xe', '0xf7'] is PCD_PROTOCOL_GUID from TianoCoreGUIDs list
[*] 0x66d0L: ['0x13a3f0f6L', '0x264aL', '0x3ef0L', '0xf2', '0xe0', '0xde', '0xc5', '0x12', '0x34', '0x2f', '0x34'] is EFI_PCD_PROTOCOL_GUID from TianoCoreGUIDs list
[*] 0x6680L: ['0xf4ccbfb7L', '0xf6e0L', '0x47fdL', '0x9d', '0xd4', '0x10', '0xa8', '0xf1', '0x50', '0xc1', '0x91'] is EFI_SMM_BASE2_PROTOCOL_GUID from TianoCoreGUIDs list
---------- Proprietary GUIDs: ------------------------------
[!] 0x6710L: ['0xfa20568bL', '0x548bL', '0x4b2bL', '0x81', '0xef', '0x1b', '0xa0', '0x8d', '0x4a', '0x3c', '0xec'] is proprietary GUID
========== END: ============================================

========== START: modules\BootTimeDxe ======================
---------- LocateProtocol function calls: ------------------
[*] 0x2faL: EFI_BOOT_SERVICES->LocateProtocol is called in the function sub_2D4
[*] 0x5b7L: EFI_BOOT_SERVICES->LocateProtocol is called in the function sub_590
--------- GUIDs from LocateProtocol function calls: --------
[*] 0x650L: ['0x26baccb1L', '0x6f42L', '0x11d4L', '0xbc', '0xe7', '0x0', '0x80', '0xc7', '0x3c', '0x88', '0x81']
[*] 0x670L: ['0x11b34006L', '0xd85bL', '0x4d0aL', '0xa2', '0x90', '0xd5', '0xa5', '0x71', '0x31', '0xe', '0xf7']
---------- Trusted GUIDs: ----------------------------------
[*] 0x650L: ['0x26baccb1L', '0x6f42L', '0x11d4L', '0xbc', '0xe7', '0x0', '0x80', '0xc7', '0x3c', '0x88', '0x81'] is EFI_CPU_ARCH_PROTOCOL_GUID from TianoCoreGUIDs list
[*] 0x670L: ['0x11b34006L', '0xd85bL', '0x4d0aL', '0xa2', '0x90', '0xd5', '0xa5', '0x71', '0x31', '0xe', '0xf7'] is PCD_PROTOCOL_GUID from TianoCoreGUIDs list
---------- Proprietary GUIDs: ------------------------------
[*] Proprietary GUIDs list is empty
========== END: ============================================

========== START: modules\CapsulePei =======================
---------- LocateProtocol function calls: ------------------
[*] LocateProtocol function calls list is empty
========== END: ============================================

========== START: modules\CapsuleX64 =======================
---------- LocateProtocol function calls: ------------------
[*] LocateProtocol function calls list is empty
========== END: ============================================

========== START: modules\ConPlatformDxe ===================
---------- LocateProtocol function calls: ------------------
[*] 0x570L: EFI_BOOT_SERVICES->LocateProtocol is called in the function sub_42C
--------- GUIDs from LocateProtocol function calls: --------
[*] 0x1590L: ['0x919383deL', '0xebacL', '0x4924L', '0x1', '0x94', '0x52', '0x59', '0xe0', '0xd', '0x65', '0x7a']
---------- Trusted GUIDs: ----------------------------------
[*] Trusted GUIDs list is empty
---------- Proprietary GUIDs: ------------------------------
[!] 0x1590L: ['0x919383deL', '0xebacL', '0x4924L', '0x1', '0x94', '0x52', '0x59', '0xe0', '0xd', '0x65', '0x7a'] is proprietary GUID
========== END: ============================================

========== START: modules\ConSplitterDxe ===================
---------- LocateProtocol function calls: ------------------
[*] 0x40f7L: EFI_BOOT_SERVICES->LocateProtocol is called in the function sub_40D0
--------- GUIDs from LocateProtocol function calls: --------
[*] 0x45f0L: ['0x11b34006L', '0xd85bL', '0x4d0aL', '0xa2', '0x90', '0xd5', '0xa5', '0x71', '0x31', '0xe', '0xf7']
---------- Trusted GUIDs: ----------------------------------
[*] 0x45f0L: ['0x11b34006L', '0xd85bL', '0x4d0aL', '0xa2', '0x90', '0xd5', '0xa5', '0x71', '0x31', '0xe', '0xf7'] is PCD_PROTOCOL_GUID from TianoCoreGUIDs list
---------- Proprietary GUIDs: ------------------------------
[*] Proprietary GUIDs list is empty
========== END: ============================================

========== START: modules\CpuInitDxe =======================
---------- LocateProtocol function calls: ------------------
[*] 0xb8fL: EFI_BOOT_SERVICES->LocateProtocol is called in the function sub_A68
[*] 0x2413L: EFI_BOOT_SERVICES->LocateProtocol is called in the function sub_23EC
[*] 0x25ddL: EFI_BOOT_SERVICES->LocateProtocol is called in the function sub_23EC
[*] 0x3852L: EFI_BOOT_SERVICES->LocateProtocol is called in the function sub_35A4
[*] 0x4bd9L: EFI_BOOT_SERVICES->LocateProtocol is called in the function sub_4BBC
--------- GUIDs from LocateProtocol function calls: --------
[*] 0x5550L: ['0x26baccb2L', '0x6f42L', '0x11d4L', '0xbc', '0xe7', '0x0', '0x80', '0xc7', '0x3c', '0x88', '0x81']
[*] 0x5480L: ['0x843dc720L', '0xab1eL', '0x42cbL', '0x93', '0x57', '0x8a', '0x0', '0x78', '0xf3', '0x56', '0x1b']
[*] 0x5570L: ['0xe223cf65L', '0xf6ceL', '0x4122L', '0xb3', '0xaf', '0x4b', '0xd1', '0x8a', '0xff', '0x40', '0xa1']
[*] 0x54d0L: ['0xab5a4df4L', '0xf0d7L', '0x49a8L', '0xbf', '0x5c', '0xf2', '0x5d', '0xa0', '0x4c', '0x25', '0x33']
[*] 0x54e0L: ['0x26baccb1L', '0x6f42L', '0x11d4L', '0xbc', '0xe7', '0x0', '0x80', '0xc7', '0x3c', '0x88', '0x81']
---------- Trusted GUIDs: ----------------------------------
[*] 0x5550L: ['0x26baccb2L', '0x6f42L', '0x11d4L', '0xbc', '0xe7', '0x0', '0x80', '0xc7', '0x3c', '0x88', '0x81'] is EFI_METRONOME_ARCH_PROTOCOL_GUID from TianoCoreGUIDs list
[*] 0x5480L: ['0x843dc720L', '0xab1eL', '0x42cbL', '0x93', '0x57', '0x8a', '0x0', '0x78', '0xf3', '0x56', '0x1b'] is EFI_SMM_CONTROL2_PROTOCOL_GUID from TianoCoreGUIDs list
[*] 0x54e0L: ['0x26baccb1L', '0x6f42L', '0x11d4L', '0xbc', '0xe7', '0x0', '0x80', '0xc7', '0x3c', '0x88', '0x81'] is EFI_CPU_ARCH_PROTOCOL_GUID from TianoCoreGUIDs list
[*] 0x5570L: ['0xe223cf65L', '0xf6ceL', '0x4122L', '0xb3', '0xaf', '0x4b', '0xd1', '0x8a', '0xff', '0x40', '0xa1'] is DXE_CPU_INFO_PROTOCOL_GUID from AmiGUIDs list
---------- Proprietary GUIDs: ------------------------------
[!] 0x54d0L: ['0xab5a4df4L', '0xf0d7L', '0x49a8L', '0xbf', '0x5c', '0xf2', '0x5d', '0xa0', '0x4c', '0x25', '0x33'] is proprietary GUID
========== END: ============================================

========== START: modules\CpuIo2Dxe ========================
---------- LocateProtocol function calls: ------------------
[*] LocateProtocol function calls list is empty
========== END: ============================================

========== START: modules\CpuIo2Smm ========================
---------- LocateProtocol function calls: ------------------
[*] 0x2d3L: EFI_BOOT_SERVICES->LocateProtocol is called in the function _ModuleEntryPoint
--------- GUIDs from LocateProtocol function calls: --------
[*] 0x7e0L: ['0xf4ccbfb7L', '0xf6e0L', '0x47fdL', '0x9d', '0xd4', '0x10', '0xa8', '0xf1', '0x50', '0xc1', '0x91']
---------- Trusted GUIDs: ----------------------------------
[*] 0x7e0L: ['0xf4ccbfb7L', '0xf6e0L', '0x47fdL', '0x9d', '0xd4', '0x10', '0xa8', '0xf1', '0x50', '0xc1', '0x91'] is EFI_SMM_BASE2_PROTOCOL_GUID from TianoCoreGUIDs list
---------- Proprietary GUIDs: ------------------------------
[*] Proprietary GUIDs list is empty
========== END: ============================================

========== START: modules\CpuIoPei =========================
---------- LocateProtocol function calls: ------------------
[*] LocateProtocol function calls list is empty
========== END: ============================================

========== START: modules\CpuMpPei =========================
---------- LocateProtocol function calls: ------------------
[*] LocateProtocol function calls list is empty
========== END: ============================================

========== START: modules\CsmLoader ========================
---------- LocateProtocol function calls: ------------------
[*] 0x77fL: EFI_BOOT_SERVICES->LocateProtocol is called in the function sub_758
--------- GUIDs from LocateProtocol function calls: --------
[*] 0x9e0L: ['0x11b34006L', '0xd85bL', '0x4d0aL', '0xa2', '0x90', '0xd5', '0xa5', '0x71', '0x31', '0xe', '0xf7']
---------- Trusted GUIDs: ----------------------------------
[*] 0x9e0L: ['0x11b34006L', '0xd85bL', '0x4d0aL', '0xa2', '0x90', '0xd5', '0xa5', '0x71', '0x31', '0xe', '0xf7'] is PCD_PROTOCOL_GUID from TianoCoreGUIDs list
---------- Proprietary GUIDs: ------------------------------
[*] Proprietary GUIDs list is empty
========== END: ============================================

========== START: modules\DataHubDxe =======================
---------- LocateProtocol function calls: ------------------
[*] LocateProtocol function calls list is empty
========== END: ============================================

========== START: modules\DatahubStatusCodeHandlerDxe ======
---------- LocateProtocol function calls: ------------------
[*] 0x39bL: EFI_BOOT_SERVICES->LocateProtocol is called in the function sub_380
[*] 0x3b8L: EFI_BOOT_SERVICES->LocateProtocol is called in the function sub_380
--------- GUIDs from LocateProtocol function calls: --------
[*] 0x1650L: ['0x86212936L', '0xe76L', '0x41c8L', '0xa0', '0x3a', '0x2a', '0xf2', '0xfc', '0x1c', '0x39', '0xe2']
[*] 0x1660L: ['0xae80d021L', '0x618eL', '0x11d4L', '0xbc', '0xd7', '0x0', '0x80', '0xc7', '0x3c', '0x88', '0x81']
---------- Trusted GUIDs: ----------------------------------
[*] 0x1650L: ['0x86212936L', '0xe76L', '0x41c8L', '0xa0', '0x3a', '0x2a', '0xf2', '0xfc', '0x1c', '0x39', '0xe2'] is EFI_RSC_HANDLER_PROTOCOL_GUID from TianoCoreGUIDs list
[*] 0x1660L: ['0xae80d021L', '0x618eL', '0x11d4L', '0xbc', '0xd7', '0x0', '0x80', '0xc7', '0x3c', '0x88', '0x81'] is EFI_DATA_HUB_PROTOCOL_GUID from TianoCoreGUIDs list
---------- Proprietary GUIDs: ------------------------------
[*] Proprietary GUIDs list is empty
========== END: ============================================

========== START: modules\DevicePathDxe ====================
---------- LocateProtocol function calls: ------------------
[*] LocateProtocol function calls list is empty
========== END: ============================================

========== START: modules\Dhcp4Dxe =========================
---------- LocateProtocol function calls: ------------------
[*] 0x45dL: EFI_BOOT_SERVICES->LocateProtocol is called in the function _ModuleEntryPoint
--------- GUIDs from LocateProtocol function calls: --------
[*] 0x6130L: ['0x480f8ae9L', '0xc46L', '0x4aa9L', '0xbc', '0x89', '0xdb', '0x9f', '0xba', '0x61', '0x98', '0x6']
---------- Trusted GUIDs: ----------------------------------
[*] 0x6130L: ['0x480f8ae9L', '0xc46L', '0x4aa9L', '0xbc', '0x89', '0xdb', '0x9f', '0xba', '0x61', '0x98', '0x6'] is EFI_DPC_PROTOCOL_GUID from TianoCoreGUIDs list
---------- Proprietary GUIDs: ------------------------------
[*] Proprietary GUIDs list is empty
========== END: ============================================

========== START: modules\Dhcp6Dxe =========================
---------- LocateProtocol function calls: ------------------
[*] 0x45dL: EFI_BOOT_SERVICES->LocateProtocol is called in the function _ModuleEntryPoint
--------- GUIDs from LocateProtocol function calls: --------
[*] 0x6930L: ['0x480f8ae9L', '0xc46L', '0x4aa9L', '0xbc', '0x89', '0xdb', '0x9f', '0xba', '0x61', '0x98', '0x6']
---------- Trusted GUIDs: ----------------------------------
[*] 0x6930L: ['0x480f8ae9L', '0xc46L', '0x4aa9L', '0xbc', '0x89', '0xdb', '0x9f', '0xba', '0x61', '0x98', '0x6'] is EFI_DPC_PROTOCOL_GUID from TianoCoreGUIDs list
---------- Proprietary GUIDs: ------------------------------
[*] Proprietary GUIDs list is empty
========== END: ============================================

========== START: modules\DiskControllerSmbios =============
---------- LocateProtocol function calls: ------------------
[*] 0x439L: EFI_BOOT_SERVICES->LocateProtocol is called in the function sub_3C8
[*] 0x45fL: EFI_BOOT_SERVICES->LocateProtocol is called in the function sub_3C8
--------- GUIDs from LocateProtocol function calls: --------
[*] 0x880L: ['0x3583ff6L', '0xcb36L', '0x4940L', '0x94', '0x7e', '0xb9', '0xb3', '0x9f', '0x4a', '0xfa', '0xf7']
[*] 0x890L: ['0x5c99a21L', '0xc70fL', '0x4ad2L', '0x8a', '0x5f', '0x35', '0xdf', '0x33', '0x43', '0xf5', '0x1e']
---------- Trusted GUIDs: ----------------------------------
[*] 0x880L: ['0x3583ff6L', '0xcb36L', '0x4940L', '0x94', '0x7e', '0xb9', '0xb3', '0x9f', '0x4a', '0xfa', '0xf7'] is EFI_SMBIOS_PROTOCOL_GUID from TianoCoreGUIDs list
[*] 0x890L: ['0x5c99a21L', '0xc70fL', '0x4ad2L', '0x8a', '0x5f', '0x35', '0xdf', '0x33', '0x43', '0xf5', '0x1e'] is EFI_DEVICE_PATH_FROM_TEXT_PROTOCOL_GUID from TianoCoreGUIDs list
---------- Proprietary GUIDs: ------------------------------
[*] Proprietary GUIDs list is empty
========== END: ============================================

========== START: modules\DiskIoDxe ========================
---------- LocateProtocol function calls: ------------------
[*] LocateProtocol function calls list is empty
========== END: ============================================
